{"C:\\Users\\matty\\Range-Anxiety-Rider\\api\\_cors.ts": {"path":"C:\\Users\\matty\\Range-Anxiety-Rider\\api\\_cors.ts","statementMap":{"0":{"start":{"line":3,"column":24},"end":{"line":6,"column":null}},"1":{"start":{"line":8,"column":24},"end":{"line":8,"column":null}},"2":{"start":{"line":9,"column":17},"end":{"line":9,"column":null}},"3":{"start":{"line":19,"column":17},"end":{"line":19,"column":null}},"4":{"start":{"line":21,"column":2},"end":{"line":32,"column":null}},"5":{"start":{"line":22,"column":22},"end":{"line":24,"column":null}},"6":{"start":{"line":26,"column":4},"end":{"line":31,"column":null}},"7":{"start":{"line":27,"column":6},"end":{"line":27,"column":null}},"8":{"start":{"line":28,"column":6},"end":{"line":28,"column":null}},"9":{"start":{"line":30,"column":6},"end":{"line":30,"column":null}},"10":{"start":{"line":34,"column":2},"end":{"line":34,"column":null}},"11":{"start":{"line":35,"column":2},"end":{"line":35,"column":null}},"12":{"start":{"line":37,"column":2},"end":{"line":40,"column":null}},"13":{"start":{"line":38,"column":4},"end":{"line":38,"column":null}},"14":{"start":{"line":39,"column":4},"end":{"line":39,"column":null}},"15":{"start":{"line":42,"column":2},"end":{"line":42,"column":null}}},"fnMap":{"0":{"name":"setCorsHeaders","decl":{"start":{"line":18,"column":16},"end":{"line":18,"column":31}},"loc":{"start":{"line":18,"column":81},"end":{"line":43,"column":null}},"line":18}},"branchMap":{"0":{"loc":{"start":{"line":21,"column":2},"end":{"line":32,"column":null}},"type":"if","locations":[{"start":{"line":21,"column":2},"end":{"line":32,"column":null}},{"start":{},"end":{}}],"line":21},"1":{"loc":{"start":{"line":21,"column":6},"end":{"line":21,"column":44}},"type":"binary-expr","locations":[{"start":{"line":21,"column":6},"end":{"line":21,"column":16}},{"start":{"line":21,"column":16},"end":{"line":21,"column":44}}],"line":21},"2":{"loc":{"start":{"line":22,"column":22},"end":{"line":24,"column":null}},"type":"binary-expr","locations":[{"start":{"line":22,"column":22},"end":{"line":22,"column":null}},{"start":{"line":23,"column":22},"end":{"line":23,"column":null}},{"start":{"line":24,"column":22},"end":{"line":24,"column":null}}],"line":22},"3":{"loc":{"start":{"line":26,"column":4},"end":{"line":31,"column":null}},"type":"if","locations":[{"start":{"line":26,"column":4},"end":{"line":31,"column":null}},{"start":{"line":29,"column":11},"end":{"line":31,"column":null}}],"line":26},"4":{"loc":{"start":{"line":37,"column":2},"end":{"line":40,"column":null}},"type":"if","locations":[{"start":{"line":37,"column":2},"end":{"line":40,"column":null}},{"start":{},"end":{}}],"line":37}},"s":{"0":4,"1":4,"2":4,"3":25,"4":25,"5":10,"6":10,"7":10,"8":10,"9":0,"10":25,"11":25,"12":25,"13":0,"14":0,"15":25},"f":{"0":25},"b":{"0":[10,15],"1":[25,10],"2":[10,10,0],"3":[10,0],"4":[0,25]},"meta":{"lastBranch":5,"lastFunction":1,"lastStatement":16,"seen":{"s:3:24:6:Infinity":0,"s:8:24:8:Infinity":1,"s:9:17:9:Infinity":2,"f:18:16:18:31":0,"s:19:17:19:Infinity":3,"b:21:2:32:Infinity:undefined:undefined:undefined:undefined":0,"s:21:2:32:Infinity":4,"b:21:6:21:16:21:16:21:44":1,"s:22:22:24:Infinity":5,"b:22:22:22:Infinity:23:22:23:Infinity:24:22:24:Infinity":2,"b:26:4:31:Infinity:29:11:31:Infinity":3,"s:26:4:31:Infinity":6,"s:27:6:27:Infinity":7,"s:28:6:28:Infinity":8,"s:30:6:30:Infinity":9,"s:34:2:34:Infinity":10,"s:35:2:35:Infinity":11,"b:37:2:40:Infinity:undefined:undefined:undefined:undefined":4,"s:37:2:40:Infinity":12,"s:38:4:38:Infinity":13,"s:39:4:39:Infinity":14,"s:42:2:42:Infinity":15}}}
,"C:\\Users\\matty\\Range-Anxiety-Rider\\api\\_physics.ts": {"path":"C:\\Users\\matty\\Range-Anxiety-Rider\\api\\_physics.ts","statementMap":{"0":{"start":{"line":49,"column":33},"end":{"line":54,"column":null}},"1":{"start":{"line":69,"column":6},"end":{"line":69,"column":null}},"2":{"start":{"line":76,"column":6},"end":{"line":76,"column":null}},"3":{"start":{"line":78,"column":18},"end":{"line":78,"column":null}},"4":{"start":{"line":79,"column":2},"end":{"line":79,"column":null}},"5":{"start":{"line":79,"column":20},"end":{"line":79,"column":null}},"6":{"start":{"line":81,"column":8},"end":{"line":81,"column":null}},"7":{"start":{"line":84,"column":12},"end":{"line":84,"column":null}},"8":{"start":{"line":85,"column":2},"end":{"line":87,"column":null}},"9":{"start":{"line":85,"column":25},"end":{"line":85,"column":null}},"10":{"start":{"line":86,"column":7},"end":{"line":87,"column":null}},"11":{"start":{"line":86,"column":30},"end":{"line":86,"column":null}},"12":{"start":{"line":87,"column":7},"end":{"line":87,"column":null}},"13":{"start":{"line":87,"column":29},"end":{"line":87,"column":null}},"14":{"start":{"line":90,"column":16},"end":{"line":90,"column":null}},"15":{"start":{"line":91,"column":2},"end":{"line":91,"column":null}},"16":{"start":{"line":91,"column":28},"end":{"line":91,"column":null}},"17":{"start":{"line":92,"column":2},"end":{"line":92,"column":null}},"18":{"start":{"line":92,"column":29},"end":{"line":92,"column":null}},"19":{"start":{"line":94,"column":18},"end":{"line":94,"column":null}},"20":{"start":{"line":95,"column":21},"end":{"line":95,"column":null}},"21":{"start":{"line":97,"column":17},"end":{"line":97,"column":null}},"22":{"start":{"line":98,"column":26},"end":{"line":98,"column":null}},"23":{"start":{"line":103,"column":14},"end":{"line":103,"column":null}},"24":{"start":{"line":106,"column":13},"end":{"line":106,"column":null}},"25":{"start":{"line":109,"column":13},"end":{"line":109,"column":null}},"26":{"start":{"line":111,"column":8},"end":{"line":111,"column":null}},"27":{"start":{"line":114,"column":20},"end":{"line":114,"column":null}},"28":{"start":{"line":115,"column":24},"end":{"line":115,"column":null}},"29":{"start":{"line":117,"column":2},"end":{"line":132,"column":null}},"30":{"start":{"line":118,"column":21},"end":{"line":118,"column":null}},"31":{"start":{"line":119,"column":18},"end":{"line":119,"column":null}},"32":{"start":{"line":121,"column":25},"end":{"line":121,"column":null}},"33":{"start":{"line":122,"column":21},"end":{"line":122,"column":null}},"34":{"start":{"line":124,"column":4},"end":{"line":131,"column":null}},"35":{"start":{"line":125,"column":7},"end":{"line":125,"column":null}},"36":{"start":{"line":126,"column":7},"end":{"line":126,"column":null}},"37":{"start":{"line":127,"column":11},"end":{"line":131,"column":null}},"38":{"start":{"line":128,"column":7},"end":{"line":128,"column":null}},"39":{"start":{"line":130,"column":7},"end":{"line":130,"column":null}},"40":{"start":{"line":134,"column":32},"end":{"line":134,"column":null}},"41":{"start":{"line":137,"column":29},"end":{"line":137,"column":null}},"42":{"start":{"line":138,"column":2},"end":{"line":138,"column":null}},"43":{"start":{"line":138,"column":25},"end":{"line":138,"column":null}},"44":{"start":{"line":141,"column":29},"end":{"line":141,"column":null}},"45":{"start":{"line":142,"column":8},"end":{"line":142,"column":null}},"46":{"start":{"line":143,"column":2},"end":{"line":146,"column":null}},"47":{"start":{"line":143,"column":29},"end":{"line":143,"column":null}},"48":{"start":{"line":144,"column":7},"end":{"line":146,"column":null}},"49":{"start":{"line":144,"column":35},"end":{"line":144,"column":null}},"50":{"start":{"line":145,"column":7},"end":{"line":146,"column":null}},"51":{"start":{"line":145,"column":61},"end":{"line":145,"column":null}},"52":{"start":{"line":146,"column":7},"end":{"line":146,"column":null}},"53":{"start":{"line":146,"column":39},"end":{"line":146,"column":null}},"54":{"start":{"line":148,"column":2},"end":{"line":148,"column":null}},"55":{"start":{"line":148,"column":40},"end":{"line":148,"column":null}},"56":{"start":{"line":150,"column":2},"end":{"line":153,"column":null}},"57":{"start":{"line":151,"column":4},"end":{"line":152,"column":null}},"58":{"start":{"line":151,"column":32},"end":{"line":151,"column":null}},"59":{"start":{"line":152,"column":9},"end":{"line":152,"column":null}},"60":{"start":{"line":152,"column":39},"end":{"line":152,"column":null}},"61":{"start":{"line":155,"column":26},"end":{"line":155,"column":null}},"62":{"start":{"line":156,"column":27},"end":{"line":156,"column":null}},"63":{"start":{"line":159,"column":27},"end":{"line":159,"column":null}},"64":{"start":{"line":160,"column":28},"end":{"line":160,"column":null}},"65":{"start":{"line":161,"column":20},"end":{"line":161,"column":null}},"66":{"start":{"line":164,"column":2},"end":{"line":191,"column":null}},"67":{"start":{"line":165,"column":15},"end":{"line":165,"column":null}},"68":{"start":{"line":166,"column":19},"end":{"line":166,"column":null}},"69":{"start":{"line":168,"column":4},"end":{"line":190,"column":null}},"70":{"start":{"line":170,"column":37},"end":{"line":170,"column":null}},"71":{"start":{"line":171,"column":24},"end":{"line":171,"column":null}},"72":{"start":{"line":172,"column":26},"end":{"line":172,"column":null}},"73":{"start":{"line":173,"column":20},"end":{"line":173,"column":null}},"74":{"start":{"line":175,"column":30},"end":{"line":181,"column":null}},"75":{"start":{"line":183,"column":6},"end":{"line":183,"column":null}},"76":{"start":{"line":184,"column":11},"end":{"line":190,"column":null}},"77":{"start":{"line":186,"column":6},"end":{"line":186,"column":null}},"78":{"start":{"line":187,"column":11},"end":{"line":190,"column":null}},"79":{"start":{"line":189,"column":6},"end":{"line":189,"column":null}},"80":{"start":{"line":194,"column":18},"end":{"line":194,"column":null}},"81":{"start":{"line":195,"column":27},"end":{"line":197,"column":null}},"82":{"start":{"line":199,"column":2},"end":{"line":199,"column":null}},"83":{"start":{"line":206,"column":8},"end":{"line":206,"column":null}},"84":{"start":{"line":207,"column":2},"end":{"line":207,"column":null}},"85":{"start":{"line":214,"column":22},"end":{"line":214,"column":null}},"86":{"start":{"line":215,"column":23},"end":{"line":215,"column":null}},"87":{"start":{"line":216,"column":2},"end":{"line":216,"column":null}},"88":{"start":{"line":223,"column":16},"end":{"line":223,"column":null}},"89":{"start":{"line":224,"column":2},"end":{"line":224,"column":null}},"90":{"start":{"line":224,"column":28},"end":{"line":224,"column":null}},"91":{"start":{"line":225,"column":2},"end":{"line":225,"column":null}},"92":{"start":{"line":225,"column":29},"end":{"line":225,"column":null}},"93":{"start":{"line":227,"column":18},"end":{"line":227,"column":null}},"94":{"start":{"line":228,"column":2},"end":{"line":228,"column":null}}},"fnMap":{"0":{"name":"calculateBurnRate","decl":{"start":{"line":59,"column":16},"end":{"line":59,"column":34}},"loc":{"start":{"line":59,"column":66},"end":{"line":200,"column":null}},"line":59},"1":{"name":"calculateHeadwind","decl":{"start":{"line":205,"column":16},"end":{"line":205,"column":34}},"loc":{"start":{"line":205,"column":99},"end":{"line":208,"column":null}},"line":205},"2":{"name":"estimateVoltage","decl":{"start":{"line":213,"column":16},"end":{"line":213,"column":32}},"loc":{"start":{"line":213,"column":88},"end":{"line":217,"column":null}},"line":213},"3":{"name":"getRollingResCoefficient","decl":{"start":{"line":222,"column":16},"end":{"line":222,"column":41}},"loc":{"start":{"line":222,"column":93},"end":{"line":229,"column":null}},"line":222}},"branchMap":{"0":{"loc":{"start":{"line":64,"column":4},"end":{"line":64,"column":null}},"type":"default-arg","locations":[{"start":{"line":64,"column":21},"end":{"line":64,"column":null}}],"line":64},"1":{"loc":{"start":{"line":65,"column":4},"end":{"line":65,"column":null}},"type":"default-arg","locations":[{"start":{"line":65,"column":23},"end":{"line":65,"column":null}}],"line":65},"2":{"loc":{"start":{"line":66,"column":4},"end":{"line":66,"column":null}},"type":"default-arg","locations":[{"start":{"line":66,"column":16},"end":{"line":66,"column":null}}],"line":66},"3":{"loc":{"start":{"line":67,"column":4},"end":{"line":67,"column":null}},"type":"default-arg","locations":[{"start":{"line":67,"column":19},"end":{"line":67,"column":null}}],"line":67},"4":{"loc":{"start":{"line":72,"column":4},"end":{"line":72,"column":null}},"type":"default-arg","locations":[{"start":{"line":72,"column":17},"end":{"line":72,"column":null}}],"line":72},"5":{"loc":{"start":{"line":73,"column":4},"end":{"line":73,"column":null}},"type":"default-arg","locations":[{"start":{"line":73,"column":20},"end":{"line":73,"column":null}}],"line":73},"6":{"loc":{"start":{"line":74,"column":4},"end":{"line":74,"column":null}},"type":"default-arg","locations":[{"start":{"line":74,"column":14},"end":{"line":74,"column":null}}],"line":74},"7":{"loc":{"start":{"line":75,"column":4},"end":{"line":75,"column":null}},"type":"default-arg","locations":[{"start":{"line":75,"column":15},"end":{"line":75,"column":null}}],"line":75},"8":{"loc":{"start":{"line":79,"column":2},"end":{"line":79,"column":null}},"type":"if","locations":[{"start":{"line":79,"column":2},"end":{"line":79,"column":null}},{"start":{},"end":{}}],"line":79},"9":{"loc":{"start":{"line":85,"column":2},"end":{"line":87,"column":null}},"type":"if","locations":[{"start":{"line":85,"column":2},"end":{"line":87,"column":null}},{"start":{"line":86,"column":7},"end":{"line":87,"column":null}}],"line":85},"10":{"loc":{"start":{"line":86,"column":7},"end":{"line":87,"column":null}},"type":"if","locations":[{"start":{"line":86,"column":7},"end":{"line":87,"column":null}},{"start":{"line":87,"column":7},"end":{"line":87,"column":null}}],"line":86},"11":{"loc":{"start":{"line":87,"column":7},"end":{"line":87,"column":null}},"type":"if","locations":[{"start":{"line":87,"column":7},"end":{"line":87,"column":null}},{"start":{},"end":{}}],"line":87},"12":{"loc":{"start":{"line":91,"column":2},"end":{"line":91,"column":null}},"type":"if","locations":[{"start":{"line":91,"column":2},"end":{"line":91,"column":null}},{"start":{},"end":{}}],"line":91},"13":{"loc":{"start":{"line":92,"column":2},"end":{"line":92,"column":null}},"type":"if","locations":[{"start":{"line":92,"column":2},"end":{"line":92,"column":null}},{"start":{},"end":{}}],"line":92},"14":{"loc":{"start":{"line":117,"column":2},"end":{"line":132,"column":null}},"type":"if","locations":[{"start":{"line":117,"column":2},"end":{"line":132,"column":null}},{"start":{},"end":{}}],"line":117},"15":{"loc":{"start":{"line":119,"column":18},"end":{"line":119,"column":null}},"type":"binary-expr","locations":[{"start":{"line":119,"column":18},"end":{"line":119,"column":46}},{"start":{"line":119,"column":46},"end":{"line":119,"column":null}}],"line":119},"16":{"loc":{"start":{"line":122,"column":21},"end":{"line":122,"column":null}},"type":"binary-expr","locations":[{"start":{"line":122,"column":21},"end":{"line":122,"column":44}},{"start":{"line":122,"column":44},"end":{"line":122,"column":null}}],"line":122},"17":{"loc":{"start":{"line":124,"column":4},"end":{"line":131,"column":null}},"type":"if","locations":[{"start":{"line":124,"column":4},"end":{"line":131,"column":null}},{"start":{"line":127,"column":11},"end":{"line":131,"column":null}}],"line":124},"18":{"loc":{"start":{"line":127,"column":11},"end":{"line":131,"column":null}},"type":"if","locations":[{"start":{"line":127,"column":11},"end":{"line":131,"column":null}},{"start":{"line":129,"column":11},"end":{"line":131,"column":null}}],"line":127},"19":{"loc":{"start":{"line":134,"column":32},"end":{"line":134,"column":null}},"type":"cond-expr","locations":[{"start":{"line":134,"column":50},"end":{"line":134,"column":54}},{"start":{"line":134,"column":54},"end":{"line":134,"column":null}}],"line":134},"20":{"loc":{"start":{"line":138,"column":2},"end":{"line":138,"column":null}},"type":"if","locations":[{"start":{"line":138,"column":2},"end":{"line":138,"column":null}},{"start":{},"end":{}}],"line":138},"21":{"loc":{"start":{"line":142,"column":17},"end":{"line":142,"column":45}},"type":"binary-expr","locations":[{"start":{"line":142,"column":17},"end":{"line":142,"column":41}},{"start":{"line":142,"column":41},"end":{"line":142,"column":45}}],"line":142},"22":{"loc":{"start":{"line":143,"column":2},"end":{"line":146,"column":null}},"type":"if","locations":[{"start":{"line":143,"column":2},"end":{"line":146,"column":null}},{"start":{"line":144,"column":7},"end":{"line":146,"column":null}}],"line":143},"23":{"loc":{"start":{"line":144,"column":7},"end":{"line":146,"column":null}},"type":"if","locations":[{"start":{"line":144,"column":7},"end":{"line":146,"column":null}},{"start":{"line":145,"column":7},"end":{"line":146,"column":null}}],"line":144},"24":{"loc":{"start":{"line":145,"column":7},"end":{"line":146,"column":null}},"type":"if","locations":[{"start":{"line":145,"column":7},"end":{"line":146,"column":null}},{"start":{"line":146,"column":7},"end":{"line":146,"column":null}}],"line":145},"25":{"loc":{"start":{"line":145,"column":11},"end":{"line":145,"column":61}},"type":"binary-expr","locations":[{"start":{"line":145,"column":11},"end":{"line":145,"column":38}},{"start":{"line":145,"column":38},"end":{"line":145,"column":61}}],"line":145},"26":{"loc":{"start":{"line":146,"column":7},"end":{"line":146,"column":null}},"type":"if","locations":[{"start":{"line":146,"column":7},"end":{"line":146,"column":null}},{"start":{},"end":{}}],"line":146},"27":{"loc":{"start":{"line":148,"column":2},"end":{"line":148,"column":null}},"type":"if","locations":[{"start":{"line":148,"column":2},"end":{"line":148,"column":null}},{"start":{},"end":{}}],"line":148},"28":{"loc":{"start":{"line":150,"column":2},"end":{"line":153,"column":null}},"type":"if","locations":[{"start":{"line":150,"column":2},"end":{"line":153,"column":null}},{"start":{},"end":{}}],"line":150},"29":{"loc":{"start":{"line":151,"column":4},"end":{"line":152,"column":null}},"type":"if","locations":[{"start":{"line":151,"column":4},"end":{"line":152,"column":null}},{"start":{"line":152,"column":9},"end":{"line":152,"column":null}}],"line":151},"30":{"loc":{"start":{"line":152,"column":9},"end":{"line":152,"column":null}},"type":"if","locations":[{"start":{"line":152,"column":9},"end":{"line":152,"column":null}},{"start":{},"end":{}}],"line":152},"31":{"loc":{"start":{"line":160,"column":28},"end":{"line":160,"column":null}},"type":"binary-expr","locations":[{"start":{"line":160,"column":28},"end":{"line":160,"column":55}},{"start":{"line":160,"column":55},"end":{"line":160,"column":null}}],"line":160},"32":{"loc":{"start":{"line":164,"column":2},"end":{"line":191,"column":null}},"type":"if","locations":[{"start":{"line":164,"column":2},"end":{"line":191,"column":null}},{"start":{},"end":{}}],"line":164},"33":{"loc":{"start":{"line":166,"column":19},"end":{"line":166,"column":null}},"type":"binary-expr","locations":[{"start":{"line":166,"column":19},"end":{"line":166,"column":44}},{"start":{"line":166,"column":44},"end":{"line":166,"column":null}}],"line":166},"34":{"loc":{"start":{"line":168,"column":4},"end":{"line":190,"column":null}},"type":"if","locations":[{"start":{"line":168,"column":4},"end":{"line":190,"column":null}},{"start":{"line":184,"column":11},"end":{"line":190,"column":null}}],"line":168},"35":{"loc":{"start":{"line":168,"column":8},"end":{"line":168,"column":85}},"type":"binary-expr","locations":[{"start":{"line":168,"column":8},"end":{"line":168,"column":24}},{"start":{"line":168,"column":24},"end":{"line":168,"column":45}},{"start":{"line":168,"column":45},"end":{"line":168,"column":85}}],"line":168},"36":{"loc":{"start":{"line":171,"column":24},"end":{"line":171,"column":null}},"type":"binary-expr","locations":[{"start":{"line":171,"column":24},"end":{"line":171,"column":44}},{"start":{"line":171,"column":44},"end":{"line":171,"column":null}}],"line":171},"37":{"loc":{"start":{"line":173,"column":20},"end":{"line":173,"column":null}},"type":"binary-expr","locations":[{"start":{"line":173,"column":20},"end":{"line":173,"column":43}},{"start":{"line":173,"column":43},"end":{"line":173,"column":null}}],"line":173},"38":{"loc":{"start":{"line":180,"column":23},"end":{"line":180,"column":null}},"type":"binary-expr","locations":[{"start":{"line":180,"column":23},"end":{"line":180,"column":50}},{"start":{"line":180,"column":50},"end":{"line":180,"column":null}}],"line":180},"39":{"loc":{"start":{"line":181,"column":23},"end":{"line":181,"column":null}},"type":"binary-expr","locations":[{"start":{"line":181,"column":23},"end":{"line":181,"column":47}},{"start":{"line":181,"column":47},"end":{"line":181,"column":null}}],"line":181},"40":{"loc":{"start":{"line":184,"column":11},"end":{"line":190,"column":null}},"type":"if","locations":[{"start":{"line":184,"column":11},"end":{"line":190,"column":null}},{"start":{"line":187,"column":11},"end":{"line":190,"column":null}}],"line":184},"41":{"loc":{"start":{"line":184,"column":15},"end":{"line":184,"column":93}},"type":"binary-expr","locations":[{"start":{"line":184,"column":15},"end":{"line":184,"column":31}},{"start":{"line":184,"column":31},"end":{"line":184,"column":51}},{"start":{"line":184,"column":51},"end":{"line":184,"column":93}}],"line":184},"42":{"loc":{"start":{"line":187,"column":11},"end":{"line":190,"column":null}},"type":"if","locations":[{"start":{"line":187,"column":11},"end":{"line":190,"column":null}},{"start":{},"end":{}}],"line":187},"43":{"loc":{"start":{"line":194,"column":18},"end":{"line":194,"column":null}},"type":"binary-expr","locations":[{"start":{"line":194,"column":18},"end":{"line":194,"column":35}},{"start":{"line":194,"column":35},"end":{"line":194,"column":null}}],"line":194},"44":{"loc":{"start":{"line":195,"column":27},"end":{"line":197,"column":null}},"type":"cond-expr","locations":[{"start":{"line":196,"column":7},"end":{"line":196,"column":null}},{"start":{"line":197,"column":7},"end":{"line":197,"column":null}}],"line":195},"45":{"loc":{"start":{"line":224,"column":2},"end":{"line":224,"column":null}},"type":"if","locations":[{"start":{"line":224,"column":2},"end":{"line":224,"column":null}},{"start":{},"end":{}}],"line":224},"46":{"loc":{"start":{"line":225,"column":2},"end":{"line":225,"column":null}},"type":"if","locations":[{"start":{"line":225,"column":2},"end":{"line":225,"column":null}},{"start":{},"end":{}}],"line":225}},"s":{"0":2,"1":18,"2":18,"3":18,"4":18,"5":0,"6":18,"7":18,"8":18,"9":0,"10":18,"11":0,"12":18,"13":0,"14":18,"15":18,"16":0,"17":18,"18":0,"19":18,"20":18,"21":18,"22":18,"23":18,"24":18,"25":18,"26":18,"27":18,"28":18,"29":18,"30":0,"31":0,"32":0,"33":0,"34":0,"35":0,"36":0,"37":0,"38":0,"39":0,"40":18,"41":18,"42":18,"43":0,"44":18,"45":18,"46":18,"47":0,"48":18,"49":0,"50":18,"51":0,"52":18,"53":0,"54":18,"55":0,"56":18,"57":18,"58":1,"59":17,"60":1,"61":18,"62":18,"63":18,"64":18,"65":18,"66":18,"67":5,"68":5,"69":5,"70":1,"71":1,"72":1,"73":1,"74":1,"75":1,"76":4,"77":1,"78":3,"79":3,"80":18,"81":18,"82":18,"83":0,"84":0,"85":1,"86":1,"87":1,"88":8,"89":8,"90":0,"91":8,"92":0,"93":8,"94":8},"f":{"0":18,"1":0,"2":1,"3":8},"b":{"0":[18],"1":[18],"2":[18],"3":[18],"4":[18],"5":[18],"6":[18],"7":[18],"8":[0,18],"9":[0,18],"10":[0,18],"11":[0,18],"12":[0,18],"13":[0,18],"14":[0,18],"15":[0,0],"16":[0,0],"17":[0,0],"18":[0,0],"19":[0,18],"20":[0,18],"21":[18,18],"22":[0,18],"23":[0,18],"24":[0,18],"25":[18,18],"26":[0,18],"27":[0,18],"28":[18,0],"29":[1,17],"30":[1,16],"31":[18,18],"32":[5,13],"33":[5,0],"34":[1,4],"35":[5,2,2],"36":[1,1],"37":[1,1],"38":[1,1],"39":[1,1],"40":[1,3],"41":[4,3,3],"42":[3,0],"43":[18,0],"44":[0,18],"45":[0,8],"46":[0,8]},"meta":{"lastBranch":47,"lastFunction":4,"lastStatement":95,"seen":{"s:49:33:54:Infinity":0,"f:59:16:59:34":0,"s:69:6:69:Infinity":1,"b:64:21:64:Infinity":0,"b:65:23:65:Infinity":1,"b:66:16:66:Infinity":2,"b:67:19:67:Infinity":3,"s:76:6:76:Infinity":2,"b:72:17:72:Infinity":4,"b:73:20:73:Infinity":5,"b:74:14:74:Infinity":6,"b:75:15:75:Infinity":7,"s:78:18:78:Infinity":3,"b:79:2:79:Infinity:undefined:undefined:undefined:undefined":8,"s:79:2:79:Infinity":4,"s:79:20:79:Infinity":5,"s:81:8:81:Infinity":6,"s:84:12:84:Infinity":7,"b:85:2:87:Infinity:86:7:87:Infinity":9,"s:85:2:87:Infinity":8,"s:85:25:85:Infinity":9,"b:86:7:87:Infinity:87:7:87:Infinity":10,"s:86:7:87:Infinity":10,"s:86:30:86:Infinity":11,"b:87:7:87:Infinity:undefined:undefined:undefined:undefined":11,"s:87:7:87:Infinity":12,"s:87:29:87:Infinity":13,"s:90:16:90:Infinity":14,"b:91:2:91:Infinity:undefined:undefined:undefined:undefined":12,"s:91:2:91:Infinity":15,"s:91:28:91:Infinity":16,"b:92:2:92:Infinity:undefined:undefined:undefined:undefined":13,"s:92:2:92:Infinity":17,"s:92:29:92:Infinity":18,"s:94:18:94:Infinity":19,"s:95:21:95:Infinity":20,"s:97:17:97:Infinity":21,"s:98:26:98:Infinity":22,"s:103:14:103:Infinity":23,"s:106:13:106:Infinity":24,"s:109:13:109:Infinity":25,"s:111:8:111:Infinity":26,"s:114:20:114:Infinity":27,"s:115:24:115:Infinity":28,"b:117:2:132:Infinity:undefined:undefined:undefined:undefined":14,"s:117:2:132:Infinity":29,"s:118:21:118:Infinity":30,"s:119:18:119:Infinity":31,"b:119:18:119:46:119:46:119:Infinity":15,"s:121:25:121:Infinity":32,"s:122:21:122:Infinity":33,"b:122:21:122:44:122:44:122:Infinity":16,"b:124:4:131:Infinity:127:11:131:Infinity":17,"s:124:4:131:Infinity":34,"s:125:7:125:Infinity":35,"s:126:7:126:Infinity":36,"b:127:11:131:Infinity:129:11:131:Infinity":18,"s:127:11:131:Infinity":37,"s:128:7:128:Infinity":38,"s:130:7:130:Infinity":39,"s:134:32:134:Infinity":40,"b:134:50:134:54:134:54:134:Infinity":19,"s:137:29:137:Infinity":41,"b:138:2:138:Infinity:undefined:undefined:undefined:undefined":20,"s:138:2:138:Infinity":42,"s:138:25:138:Infinity":43,"s:141:29:141:Infinity":44,"s:142:8:142:Infinity":45,"b:142:17:142:41:142:41:142:45":21,"b:143:2:146:Infinity:144:7:146:Infinity":22,"s:143:2:146:Infinity":46,"s:143:29:143:Infinity":47,"b:144:7:146:Infinity:145:7:146:Infinity":23,"s:144:7:146:Infinity":48,"s:144:35:144:Infinity":49,"b:145:7:146:Infinity:146:7:146:Infinity":24,"s:145:7:146:Infinity":50,"b:145:11:145:38:145:38:145:61":25,"s:145:61:145:Infinity":51,"b:146:7:146:Infinity:undefined:undefined:undefined:undefined":26,"s:146:7:146:Infinity":52,"s:146:39:146:Infinity":53,"b:148:2:148:Infinity:undefined:undefined:undefined:undefined":27,"s:148:2:148:Infinity":54,"s:148:40:148:Infinity":55,"b:150:2:153:Infinity:undefined:undefined:undefined:undefined":28,"s:150:2:153:Infinity":56,"b:151:4:152:Infinity:152:9:152:Infinity":29,"s:151:4:152:Infinity":57,"s:151:32:151:Infinity":58,"b:152:9:152:Infinity:undefined:undefined:undefined:undefined":30,"s:152:9:152:Infinity":59,"s:152:39:152:Infinity":60,"s:155:26:155:Infinity":61,"s:156:27:156:Infinity":62,"s:159:27:159:Infinity":63,"s:160:28:160:Infinity":64,"b:160:28:160:55:160:55:160:Infinity":31,"s:161:20:161:Infinity":65,"b:164:2:191:Infinity:undefined:undefined:undefined:undefined":32,"s:164:2:191:Infinity":66,"s:165:15:165:Infinity":67,"s:166:19:166:Infinity":68,"b:166:19:166:44:166:44:166:Infinity":33,"b:168:4:190:Infinity:184:11:190:Infinity":34,"s:168:4:190:Infinity":69,"b:168:8:168:24:168:24:168:45:168:45:168:85":35,"s:170:37:170:Infinity":70,"s:171:24:171:Infinity":71,"b:171:24:171:44:171:44:171:Infinity":36,"s:172:26:172:Infinity":72,"s:173:20:173:Infinity":73,"b:173:20:173:43:173:43:173:Infinity":37,"s:175:30:181:Infinity":74,"b:180:23:180:50:180:50:180:Infinity":38,"b:181:23:181:47:181:47:181:Infinity":39,"s:183:6:183:Infinity":75,"b:184:11:190:Infinity:187:11:190:Infinity":40,"s:184:11:190:Infinity":76,"b:184:15:184:31:184:31:184:51:184:51:184:93":41,"s:186:6:186:Infinity":77,"b:187:11:190:Infinity:undefined:undefined:undefined:undefined":42,"s:187:11:190:Infinity":78,"s:189:6:189:Infinity":79,"s:194:18:194:Infinity":80,"b:194:18:194:35:194:35:194:Infinity":43,"s:195:27:197:Infinity":81,"b:196:7:196:Infinity:197:7:197:Infinity":44,"s:199:2:199:Infinity":82,"f:205:16:205:34":1,"s:206:8:206:Infinity":83,"s:207:2:207:Infinity":84,"f:213:16:213:32":2,"s:214:22:214:Infinity":85,"s:215:23:215:Infinity":86,"s:216:2:216:Infinity":87,"f:222:16:222:41":3,"s:223:16:223:Infinity":88,"b:224:2:224:Infinity:undefined:undefined:undefined:undefined":45,"s:224:2:224:Infinity":89,"s:224:28:224:Infinity":90,"b:225:2:225:Infinity:undefined:undefined:undefined:undefined":46,"s:225:2:225:Infinity":91,"s:225:29:225:Infinity":92,"s:227:18:227:Infinity":93,"s:228:2:228:Infinity":94}}}
,"C:\\Users\\matty\\Range-Anxiety-Rider\\api\\calculate-range.ts": {"path":"C:\\Users\\matty\\Range-Anxiety-Rider\\api\\calculate-range.ts","statementMap":{"0":{"start":{"line":7,"column":36},"end":{"line":27,"column":null}},"1":{"start":{"line":35,"column":2},"end":{"line":156,"column":null}},"2":{"start":{"line":36,"column":4},"end":{"line":36,"column":null}},"3":{"start":{"line":36,"column":34},"end":{"line":36,"column":null}},"4":{"start":{"line":38,"column":4},"end":{"line":40,"column":null}},"5":{"start":{"line":39,"column":6},"end":{"line":39,"column":null}},"6":{"start":{"line":42,"column":19},"end":{"line":42,"column":null}},"7":{"start":{"line":43,"column":4},"end":{"line":45,"column":null}},"8":{"start":{"line":44,"column":6},"end":{"line":44,"column":null}},"9":{"start":{"line":61,"column":8},"end":{"line":61,"column":null}},"10":{"start":{"line":69,"column":8},"end":{"line":69,"column":null}},"11":{"start":{"line":71,"column":20},"end":{"line":71,"column":null}},"12":{"start":{"line":72,"column":10},"end":{"line":72,"column":null}},"13":{"start":{"line":73,"column":10},"end":{"line":73,"column":null}},"14":{"start":{"line":75,"column":4},"end":{"line":109,"column":null}},"15":{"start":{"line":76,"column":24},"end":{"line":76,"column":null}},"16":{"start":{"line":78,"column":21},"end":{"line":78,"column":null}},"17":{"start":{"line":79,"column":6},"end":{"line":81,"column":null}},"18":{"start":{"line":80,"column":8},"end":{"line":80,"column":null}},"19":{"start":{"line":83,"column":27},"end":{"line":83,"column":null}},"20":{"start":{"line":84,"column":20},"end":{"line":84,"column":null}},"21":{"start":{"line":86,"column":12},"end":{"line":95,"column":null}},"22":{"start":{"line":96,"column":29},"end":{"line":96,"column":null}},"23":{"start":{"line":97,"column":29},"end":{"line":97,"column":null}},"24":{"start":{"line":99,"column":6},"end":{"line":108,"column":null}},"25":{"start":{"line":111,"column":4},"end":{"line":149,"column":null}},"26":{"start":{"line":112,"column":6},"end":{"line":114,"column":null}},"27":{"start":{"line":113,"column":8},"end":{"line":113,"column":null}},"28":{"start":{"line":116,"column":23},"end":{"line":116,"column":null}},"29":{"start":{"line":117,"column":12},"end":{"line":117,"column":null}},"30":{"start":{"line":119,"column":21},"end":{"line":119,"column":null}},"31":{"start":{"line":120,"column":6},"end":{"line":122,"column":null}},"32":{"start":{"line":121,"column":8},"end":{"line":121,"column":null}},"33":{"start":{"line":124,"column":12},"end":{"line":133,"column":null}},"34":{"start":{"line":134,"column":23},"end":{"line":134,"column":null}},"35":{"start":{"line":135,"column":34},"end":{"line":135,"column":null}},"36":{"start":{"line":136,"column":38},"end":{"line":136,"column":null}},"37":{"start":{"line":139,"column":12},"end":{"line":139,"column":null}},"38":{"start":{"line":141,"column":6},"end":{"line":148,"column":null}},"39":{"start":{"line":151,"column":4},"end":{"line":151,"column":null}},"40":{"start":{"line":154,"column":4},"end":{"line":154,"column":null}},"41":{"start":{"line":155,"column":4},"end":{"line":155,"column":null}}},"fnMap":{"0":{"name":"handler","decl":{"start":{"line":34,"column":30},"end":{"line":34,"column":38}},"loc":{"start":{"line":34,"column":79},"end":{"line":157,"column":null}},"line":34}},"branchMap":{"0":{"loc":{"start":{"line":36,"column":4},"end":{"line":36,"column":null}},"type":"if","locations":[{"start":{"line":36,"column":4},"end":{"line":36,"column":null}},{"start":{},"end":{}}],"line":36},"1":{"loc":{"start":{"line":38,"column":4},"end":{"line":40,"column":null}},"type":"if","locations":[{"start":{"line":38,"column":4},"end":{"line":40,"column":null}},{"start":{},"end":{}}],"line":38},"2":{"loc":{"start":{"line":43,"column":4},"end":{"line":45,"column":null}},"type":"if","locations":[{"start":{"line":43,"column":4},"end":{"line":45,"column":null}},{"start":{},"end":{}}],"line":43},"3":{"loc":{"start":{"line":75,"column":4},"end":{"line":109,"column":null}},"type":"if","locations":[{"start":{"line":75,"column":4},"end":{"line":109,"column":null}},{"start":{},"end":{}}],"line":75},"4":{"loc":{"start":{"line":76,"column":36},"end":{"line":76,"column":61}},"type":"binary-expr","locations":[{"start":{"line":76,"column":36},"end":{"line":76,"column":54}},{"start":{"line":76,"column":54},"end":{"line":76,"column":61}}],"line":76},"5":{"loc":{"start":{"line":79,"column":6},"end":{"line":81,"column":null}},"type":"if","locations":[{"start":{"line":79,"column":6},"end":{"line":81,"column":null}},{"start":{},"end":{}}],"line":79},"6":{"loc":{"start":{"line":79,"column":10},"end":{"line":79,"column":75}},"type":"binary-expr","locations":[{"start":{"line":79,"column":10},"end":{"line":79,"column":21}},{"start":{"line":79,"column":21},"end":{"line":79,"column":49}},{"start":{"line":79,"column":49},"end":{"line":79,"column":75}}],"line":79},"7":{"loc":{"start":{"line":83,"column":27},"end":{"line":83,"column":null}},"type":"binary-expr","locations":[{"start":{"line":83,"column":27},"end":{"line":83,"column":39}},{"start":{"line":83,"column":39},"end":{"line":83,"column":null}}],"line":83},"8":{"loc":{"start":{"line":84,"column":20},"end":{"line":84,"column":null}},"type":"cond-expr","locations":[{"start":{"line":84,"column":41},"end":{"line":84,"column":69}},{"start":{"line":84,"column":69},"end":{"line":84,"column":null}}],"line":84},"9":{"loc":{"start":{"line":111,"column":4},"end":{"line":149,"column":null}},"type":"if","locations":[{"start":{"line":111,"column":4},"end":{"line":149,"column":null}},{"start":{},"end":{}}],"line":111},"10":{"loc":{"start":{"line":112,"column":6},"end":{"line":114,"column":null}},"type":"if","locations":[{"start":{"line":112,"column":6},"end":{"line":114,"column":null}},{"start":{},"end":{}}],"line":112},"11":{"loc":{"start":{"line":116,"column":23},"end":{"line":116,"column":null}},"type":"binary-expr","locations":[{"start":{"line":116,"column":23},"end":{"line":116,"column":35}},{"start":{"line":116,"column":35},"end":{"line":116,"column":null}}],"line":116},"12":{"loc":{"start":{"line":117,"column":26},"end":{"line":117,"column":53}},"type":"binary-expr","locations":[{"start":{"line":117,"column":26},"end":{"line":117,"column":47}},{"start":{"line":117,"column":47},"end":{"line":117,"column":53}}],"line":117},"13":{"loc":{"start":{"line":120,"column":6},"end":{"line":122,"column":null}},"type":"if","locations":[{"start":{"line":120,"column":6},"end":{"line":122,"column":null}},{"start":{},"end":{}}],"line":120},"14":{"loc":{"start":{"line":120,"column":10},"end":{"line":120,"column":75}},"type":"binary-expr","locations":[{"start":{"line":120,"column":10},"end":{"line":120,"column":21}},{"start":{"line":120,"column":21},"end":{"line":120,"column":49}},{"start":{"line":120,"column":49},"end":{"line":120,"column":75}}],"line":120},"15":{"loc":{"start":{"line":136,"column":62},"end":{"line":136,"column":87}},"type":"binary-expr","locations":[{"start":{"line":136,"column":62},"end":{"line":136,"column":80}},{"start":{"line":136,"column":80},"end":{"line":136,"column":87}}],"line":136}},"s":{"0":1,"1":8,"2":8,"3":0,"4":8,"5":0,"6":8,"7":8,"8":0,"9":8,"10":8,"11":8,"12":8,"13":8,"14":8,"15":7,"16":7,"17":7,"18":0,"19":7,"20":7,"21":7,"22":7,"23":7,"24":7,"25":1,"26":1,"27":0,"28":1,"29":1,"30":1,"31":1,"32":0,"33":1,"34":1,"35":1,"36":1,"37":1,"38":1,"39":0,"40":0,"41":0},"f":{"0":8},"b":{"0":[0,8],"1":[0,8],"2":[0,8],"3":[7,1],"4":[7,0],"5":[0,7],"6":[7,0,0],"7":[7,0],"8":[0,7],"9":[1,0],"10":[0,1],"11":[1,0],"12":[1,0],"13":[0,1],"14":[1,0,0],"15":[1,0]},"meta":{"lastBranch":16,"lastFunction":1,"lastStatement":42,"seen":{"s:7:36:27:Infinity":0,"f:34:30:34:38":0,"s:35:2:156:Infinity":1,"b:36:4:36:Infinity:undefined:undefined:undefined:undefined":0,"s:36:4:36:Infinity":2,"s:36:34:36:Infinity":3,"b:38:4:40:Infinity:undefined:undefined:undefined:undefined":1,"s:38:4:40:Infinity":4,"s:39:6:39:Infinity":5,"s:42:19:42:Infinity":6,"b:43:4:45:Infinity:undefined:undefined:undefined:undefined":2,"s:43:4:45:Infinity":7,"s:44:6:44:Infinity":8,"s:61:8:61:Infinity":9,"s:69:8:69:Infinity":10,"s:71:20:71:Infinity":11,"s:72:10:72:Infinity":12,"s:73:10:73:Infinity":13,"b:75:4:109:Infinity:undefined:undefined:undefined:undefined":3,"s:75:4:109:Infinity":14,"s:76:24:76:Infinity":15,"b:76:36:76:54:76:54:76:61":4,"s:78:21:78:Infinity":16,"b:79:6:81:Infinity:undefined:undefined:undefined:undefined":5,"s:79:6:81:Infinity":17,"b:79:10:79:21:79:21:79:49:79:49:79:75":6,"s:80:8:80:Infinity":18,"s:83:27:83:Infinity":19,"b:83:27:83:39:83:39:83:Infinity":7,"s:84:20:84:Infinity":20,"b:84:41:84:69:84:69:84:Infinity":8,"s:86:12:95:Infinity":21,"s:96:29:96:Infinity":22,"s:97:29:97:Infinity":23,"s:99:6:108:Infinity":24,"b:111:4:149:Infinity:undefined:undefined:undefined:undefined":9,"s:111:4:149:Infinity":25,"b:112:6:114:Infinity:undefined:undefined:undefined:undefined":10,"s:112:6:114:Infinity":26,"s:113:8:113:Infinity":27,"s:116:23:116:Infinity":28,"b:116:23:116:35:116:35:116:Infinity":11,"s:117:12:117:Infinity":29,"b:117:26:117:47:117:47:117:53":12,"s:119:21:119:Infinity":30,"b:120:6:122:Infinity:undefined:undefined:undefined:undefined":13,"s:120:6:122:Infinity":31,"b:120:10:120:21:120:21:120:49:120:49:120:75":14,"s:121:8:121:Infinity":32,"s:124:12:133:Infinity":33,"s:134:23:134:Infinity":34,"s:135:34:135:Infinity":35,"s:136:38:136:Infinity":36,"b:136:62:136:80:136:80:136:87":15,"s:139:12:139:Infinity":37,"s:141:6:148:Infinity":38,"s:151:4:151:Infinity":39,"s:154:4:154:Infinity":40,"s:155:4:155:Infinity":41}}}
,"C:\\Users\\matty\\Range-Anxiety-Rider\\api\\create-checkout-session.ts": {"path":"C:\\Users\\matty\\Range-Anxiety-Rider\\api\\create-checkout-session.ts","statementMap":{"0":{"start":{"line":8,"column":37},"end":{"line":12,"column":null}},"1":{"start":{"line":14,"column":39},"end":{"line":18,"column":null}},"2":{"start":{"line":20,"column":0},"end":{"line":24,"column":null}},"3":{"start":{"line":21,"column":2},"end":{"line":23,"column":null}},"4":{"start":{"line":26,"column":15},"end":{"line":28,"column":null}},"5":{"start":{"line":32,"column":171},"end":{"line":54,"column":null}},"6":{"start":{"line":57,"column":2},"end":{"line":57,"column":null}},"7":{"start":{"line":57,"column":32},"end":{"line":57,"column":null}},"8":{"start":{"line":59,"column":2},"end":{"line":61,"column":null}},"9":{"start":{"line":60,"column":4},"end":{"line":60,"column":null}},"10":{"start":{"line":64,"column":21},"end":{"line":64,"column":null}},"11":{"start":{"line":65,"column":2},"end":{"line":67,"column":null}},"12":{"start":{"line":66,"column":4},"end":{"line":66,"column":null}},"13":{"start":{"line":69,"column":16},"end":{"line":69,"column":null}},"14":{"start":{"line":71,"column":2},"end":{"line":75,"column":null}},"15":{"start":{"line":72,"column":4},"end":{"line":72,"column":null}},"16":{"start":{"line":74,"column":4},"end":{"line":74,"column":null}},"17":{"start":{"line":77,"column":17},"end":{"line":77,"column":null}},"18":{"start":{"line":78,"column":2},"end":{"line":80,"column":null}},"19":{"start":{"line":79,"column":4},"end":{"line":79,"column":null}},"20":{"start":{"line":82,"column":34},"end":{"line":82,"column":null}},"21":{"start":{"line":87,"column":2},"end":{"line":90,"column":null}},"22":{"start":{"line":88,"column":4},"end":{"line":88,"column":null}},"23":{"start":{"line":89,"column":4},"end":{"line":89,"column":null}},"24":{"start":{"line":93,"column":21},"end":{"line":93,"column":null}},"25":{"start":{"line":94,"column":2},"end":{"line":97,"column":null}},"26":{"start":{"line":95,"column":4},"end":{"line":95,"column":null}},"27":{"start":{"line":96,"column":4},"end":{"line":96,"column":null}},"28":{"start":{"line":99,"column":83},"end":{"line":99,"column":null}},"29":{"start":{"line":101,"column":2},"end":{"line":133,"column":null}},"30":{"start":{"line":102,"column":20},"end":{"line":127,"column":null}},"31":{"start":{"line":129,"column":4},"end":{"line":129,"column":null}},"32":{"start":{"line":131,"column":4},"end":{"line":131,"column":null}},"33":{"start":{"line":132,"column":4},"end":{"line":132,"column":null}}},"fnMap":{"0":{"name":"handler","decl":{"start":{"line":56,"column":30},"end":{"line":56,"column":38}},"loc":{"start":{"line":56,"column":79},"end":{"line":134,"column":null}},"line":56}},"branchMap":{"0":{"loc":{"start":{"line":20,"column":0},"end":{"line":24,"column":null}},"type":"if","locations":[{"start":{"line":20,"column":0},"end":{"line":24,"column":null}},{"start":{},"end":{}}],"line":20},"1":{"loc":{"start":{"line":57,"column":2},"end":{"line":57,"column":null}},"type":"if","locations":[{"start":{"line":57,"column":2},"end":{"line":57,"column":null}},{"start":{},"end":{}}],"line":57},"2":{"loc":{"start":{"line":59,"column":2},"end":{"line":61,"column":null}},"type":"if","locations":[{"start":{"line":59,"column":2},"end":{"line":61,"column":null}},{"start":{},"end":{}}],"line":59},"3":{"loc":{"start":{"line":65,"column":2},"end":{"line":67,"column":null}},"type":"if","locations":[{"start":{"line":65,"column":2},"end":{"line":67,"column":null}},{"start":{},"end":{}}],"line":65},"4":{"loc":{"start":{"line":78,"column":2},"end":{"line":80,"column":null}},"type":"if","locations":[{"start":{"line":78,"column":2},"end":{"line":80,"column":null}},{"start":{},"end":{}}],"line":78},"5":{"loc":{"start":{"line":87,"column":2},"end":{"line":90,"column":null}},"type":"if","locations":[{"start":{"line":87,"column":2},"end":{"line":90,"column":null}},{"start":{},"end":{}}],"line":87},"6":{"loc":{"start":{"line":94,"column":2},"end":{"line":97,"column":null}},"type":"if","locations":[{"start":{"line":94,"column":2},"end":{"line":97,"column":null}},{"start":{},"end":{}}],"line":94},"7":{"loc":{"start":{"line":113,"column":16},"end":{"line":113,"column":null}},"type":"binary-expr","locations":[{"start":{"line":113,"column":16},"end":{"line":113,"column":34}},{"start":{"line":113,"column":34},"end":{"line":113,"column":null}}],"line":113},"8":{"loc":{"start":{"line":122,"column":22},"end":{"line":122,"column":null}},"type":"binary-expr","locations":[{"start":{"line":122,"column":22},"end":{"line":122,"column":44}},{"start":{"line":122,"column":44},"end":{"line":122,"column":null}}],"line":122}},"s":{"0":1,"1":1,"2":1,"3":1,"4":1,"5":1,"6":6,"7":0,"8":6,"9":1,"10":5,"11":5,"12":1,"13":4,"14":4,"15":4,"16":0,"17":4,"18":4,"19":1,"20":3,"21":3,"22":1,"23":1,"24":2,"25":2,"26":1,"27":1,"28":1,"29":1,"30":1,"31":1,"32":0,"33":0},"f":{"0":6},"b":{"0":[1,0],"1":[0,6],"2":[1,5],"3":[1,4],"4":[1,3],"5":[1,2],"6":[1,1],"7":[1,1],"8":[6,0]},"meta":{"lastBranch":9,"lastFunction":1,"lastStatement":34,"seen":{"s:8:37:12:Infinity":0,"s:14:39:18:Infinity":1,"b:20:0:24:Infinity:undefined:undefined:undefined:undefined":0,"s:20:0:24:Infinity":2,"s:21:2:23:Infinity":3,"s:26:15:28:Infinity":4,"s:32:171:54:Infinity":5,"f:56:30:56:38":0,"b:57:2:57:Infinity:undefined:undefined:undefined:undefined":1,"s:57:2:57:Infinity":6,"s:57:32:57:Infinity":7,"b:59:2:61:Infinity:undefined:undefined:undefined:undefined":2,"s:59:2:61:Infinity":8,"s:60:4:60:Infinity":9,"s:64:21:64:Infinity":10,"b:65:2:67:Infinity:undefined:undefined:undefined:undefined":3,"s:65:2:67:Infinity":11,"s:66:4:66:Infinity":12,"s:69:16:69:Infinity":13,"s:71:2:75:Infinity":14,"s:72:4:72:Infinity":15,"s:74:4:74:Infinity":16,"s:77:17:77:Infinity":17,"b:78:2:80:Infinity:undefined:undefined:undefined:undefined":4,"s:78:2:80:Infinity":18,"s:79:4:79:Infinity":19,"s:82:34:82:Infinity":20,"b:87:2:90:Infinity:undefined:undefined:undefined:undefined":5,"s:87:2:90:Infinity":21,"s:88:4:88:Infinity":22,"s:89:4:89:Infinity":23,"s:93:21:93:Infinity":24,"b:94:2:97:Infinity:undefined:undefined:undefined:undefined":6,"s:94:2:97:Infinity":25,"s:95:4:95:Infinity":26,"s:96:4:96:Infinity":27,"s:99:83:99:Infinity":28,"s:101:2:133:Infinity":29,"s:102:20:127:Infinity":30,"b:113:16:113:34:113:34:113:Infinity":7,"b:122:22:122:44:122:44:122:Infinity":8,"s:129:4:129:Infinity":31,"s:131:4:131:Infinity":32,"s:132:4:132:Infinity":33}}}
,"C:\\Users\\matty\\Range-Anxiety-Rider\\api\\fit-calibration-model.ts": {"path":"C:\\Users\\matty\\Range-Anxiety-Rider\\api\\fit-calibration-model.ts","statementMap":{"0":{"start":{"line":14,"column":39},"end":{"line":18,"column":null}},"1":{"start":{"line":20,"column":0},"end":{"line":24,"column":null}},"2":{"start":{"line":21,"column":2},"end":{"line":23,"column":null}},"3":{"start":{"line":26,"column":6},"end":{"line":26,"column":null}},"4":{"start":{"line":27,"column":6},"end":{"line":27,"column":null}},"5":{"start":{"line":30,"column":2},"end":{"line":205,"column":null}},"6":{"start":{"line":31,"column":4},"end":{"line":31,"column":null}},"7":{"start":{"line":31,"column":34},"end":{"line":31,"column":null}},"8":{"start":{"line":33,"column":4},"end":{"line":35,"column":null}},"9":{"start":{"line":34,"column":6},"end":{"line":34,"column":null}},"10":{"start":{"line":37,"column":30},"end":{"line":37,"column":null}},"11":{"start":{"line":38,"column":23},"end":{"line":38,"column":null}},"12":{"start":{"line":40,"column":4},"end":{"line":42,"column":null}},"13":{"start":{"line":41,"column":6},"end":{"line":41,"column":null}},"14":{"start":{"line":44,"column":20},"end":{"line":44,"column":null}},"15":{"start":{"line":45,"column":25},"end":{"line":45,"column":null}},"16":{"start":{"line":46,"column":16},"end":{"line":46,"column":null}},"17":{"start":{"line":48,"column":4},"end":{"line":50,"column":null}},"18":{"start":{"line":49,"column":6},"end":{"line":49,"column":null}},"19":{"start":{"line":54,"column":24},"end":{"line":54,"column":null}},"20":{"start":{"line":55,"column":17},"end":{"line":55,"column":null}},"21":{"start":{"line":55,"column":45},"end":{"line":55,"column":55}},"22":{"start":{"line":57,"column":4},"end":{"line":59,"column":null}},"23":{"start":{"line":58,"column":6},"end":{"line":58,"column":null}},"24":{"start":{"line":62,"column":26},"end":{"line":62,"column":null}},"25":{"start":{"line":63,"column":26},"end":{"line":63,"column":null}},"26":{"start":{"line":64,"column":29},"end":{"line":64,"column":null}},"27":{"start":{"line":65,"column":50},"end":{"line":65,"column":null}},"28":{"start":{"line":67,"column":46},"end":{"line":71,"column":null}},"29":{"start":{"line":73,"column":4},"end":{"line":96,"column":null}},"30":{"start":{"line":74,"column":18},"end":{"line":74,"column":null}},"31":{"start":{"line":75,"column":6},"end":{"line":75,"column":null}},"32":{"start":{"line":78,"column":6},"end":{"line":81,"column":null}},"33":{"start":{"line":79,"column":8},"end":{"line":79,"column":null}},"34":{"start":{"line":79,"column":43},"end":{"line":79,"column":null}},"35":{"start":{"line":80,"column":8},"end":{"line":80,"column":null}},"36":{"start":{"line":84,"column":24},"end":{"line":84,"column":null}},"37":{"start":{"line":85,"column":24},"end":{"line":85,"column":null}},"38":{"start":{"line":87,"column":6},"end":{"line":94,"column":null}},"39":{"start":{"line":95,"column":6},"end":{"line":95,"column":null}},"40":{"start":{"line":99,"column":30},"end":{"line":99,"column":null}},"41":{"start":{"line":99,"column":59},"end":{"line":99,"column":66}},"42":{"start":{"line":101,"column":54},"end":{"line":101,"column":null}},"43":{"start":{"line":102,"column":4},"end":{"line":104,"column":null}},"44":{"start":{"line":103,"column":6},"end":{"line":103,"column":null}},"45":{"start":{"line":103,"column":60},"end":{"line":103,"column":67}},"46":{"start":{"line":106,"column":25},"end":{"line":106,"column":null}},"47":{"start":{"line":107,"column":20},"end":{"line":107,"column":null}},"48":{"start":{"line":108,"column":34},"end":{"line":108,"column":null}},"49":{"start":{"line":110,"column":4},"end":{"line":134,"column":null}},"50":{"start":{"line":111,"column":6},"end":{"line":111,"column":null}},"51":{"start":{"line":112,"column":6},"end":{"line":133,"column":null}},"52":{"start":{"line":113,"column":27},"end":{"line":113,"column":null}},"53":{"start":{"line":115,"column":8},"end":{"line":118,"column":null}},"54":{"start":{"line":116,"column":59},"end":{"line":116,"column":63}},"55":{"start":{"line":120,"column":22},"end":{"line":120,"column":null}},"56":{"start":{"line":121,"column":22},"end":{"line":121,"column":null}},"57":{"start":{"line":121,"column":41},"end":{"line":121,"column":51}},"58":{"start":{"line":122,"column":22},"end":{"line":122,"column":null}},"59":{"start":{"line":122,"column":48},"end":{"line":122,"column":89}},"60":{"start":{"line":123,"column":22},"end":{"line":123,"column":null}},"61":{"start":{"line":123,"column":45},"end":{"line":123,"column":80}},"62":{"start":{"line":124,"column":8},"end":{"line":124,"column":null}},"63":{"start":{"line":127,"column":8},"end":{"line":130,"column":null}},"64":{"start":{"line":129,"column":10},"end":{"line":129,"column":null}},"65":{"start":{"line":132,"column":8},"end":{"line":132,"column":null}},"66":{"start":{"line":136,"column":30},"end":{"line":144,"column":null}},"67":{"start":{"line":147,"column":21},"end":{"line":147,"column":null}},"68":{"start":{"line":148,"column":4},"end":{"line":163,"column":null}},"69":{"start":{"line":149,"column":23},"end":{"line":149,"column":null}},"70":{"start":{"line":150,"column":12},"end":{"line":161,"column":null}},"71":{"start":{"line":151,"column":8},"end":{"line":159,"column":null}},"72":{"start":{"line":152,"column":10},"end":{"line":158,"column":null}},"73":{"start":{"line":160,"column":8},"end":{"line":160,"column":null}},"74":{"start":{"line":162,"column":6},"end":{"line":162,"column":null}},"75":{"start":{"line":166,"column":4},"end":{"line":179,"column":null}},"76":{"start":{"line":167,"column":6},"end":{"line":178,"column":null}},"77":{"start":{"line":168,"column":27},"end":{"line":168,"column":null}},"78":{"start":{"line":169,"column":28},"end":{"line":169,"column":null}},"79":{"start":{"line":170,"column":8},"end":{"line":175,"column":null}},"80":{"start":{"line":171,"column":10},"end":{"line":174,"column":null}},"81":{"start":{"line":177,"column":8},"end":{"line":177,"column":null}},"82":{"start":{"line":184,"column":4},"end":{"line":198,"column":null}},"83":{"start":{"line":185,"column":6},"end":{"line":197,"column":null}},"84":{"start":{"line":186,"column":24},"end":{"line":186,"column":null}},"85":{"start":{"line":187,"column":8},"end":{"line":194,"column":null}},"86":{"start":{"line":196,"column":8},"end":{"line":196,"column":null}},"87":{"start":{"line":200,"column":4},"end":{"line":200,"column":null}},"88":{"start":{"line":203,"column":4},"end":{"line":203,"column":null}},"89":{"start":{"line":204,"column":4},"end":{"line":204,"column":null}}},"fnMap":{"0":{"name":"handler","decl":{"start":{"line":29,"column":30},"end":{"line":29,"column":38}},"loc":{"start":{"line":29,"column":79},"end":{"line":206,"column":null}},"line":29},"1":{"name":"(anonymous_1)","decl":{"start":{"line":55,"column":34},"end":{"line":55,"column":38}},"loc":{"start":{"line":55,"column":45},"end":{"line":55,"column":55}},"line":55},"2":{"name":"(anonymous_2)","decl":{"start":{"line":99,"column":42},"end":{"line":99,"column":50}},"loc":{"start":{"line":99,"column":59},"end":{"line":99,"column":66}},"line":99},"3":{"name":"(anonymous_3)","decl":{"start":{"line":103,"column":43},"end":{"line":103,"column":51}},"loc":{"start":{"line":103,"column":60},"end":{"line":103,"column":67}},"line":103},"4":{"name":"(anonymous_4)","decl":{"start":{"line":116,"column":38},"end":{"line":116,"column":43}},"loc":{"start":{"line":116,"column":59},"end":{"line":116,"column":63}},"line":116},"5":{"name":"(anonymous_5)","decl":{"start":{"line":121,"column":24},"end":{"line":121,"column":32}},"loc":{"start":{"line":121,"column":41},"end":{"line":121,"column":51}},"line":121},"6":{"name":"(anonymous_6)","decl":{"start":{"line":122,"column":24},"end":{"line":122,"column":32}},"loc":{"start":{"line":122,"column":48},"end":{"line":122,"column":89}},"line":122},"7":{"name":"(anonymous_7)","decl":{"start":{"line":123,"column":24},"end":{"line":123,"column":32}},"loc":{"start":{"line":123,"column":45},"end":{"line":123,"column":80}},"line":123},"8":{"name":"(anonymous_8)","decl":{"start":{"line":150,"column":51},"end":{"line":150,"column":56}},"loc":{"start":{"line":150,"column":67},"end":{"line":161,"column":7}},"line":150}},"branchMap":{"0":{"loc":{"start":{"line":20,"column":0},"end":{"line":24,"column":null}},"type":"if","locations":[{"start":{"line":20,"column":0},"end":{"line":24,"column":null}},{"start":{},"end":{}}],"line":20},"1":{"loc":{"start":{"line":31,"column":4},"end":{"line":31,"column":null}},"type":"if","locations":[{"start":{"line":31,"column":4},"end":{"line":31,"column":null}},{"start":{},"end":{}}],"line":31},"2":{"loc":{"start":{"line":33,"column":4},"end":{"line":35,"column":null}},"type":"if","locations":[{"start":{"line":33,"column":4},"end":{"line":35,"column":null}},{"start":{},"end":{}}],"line":33},"3":{"loc":{"start":{"line":40,"column":4},"end":{"line":42,"column":null}},"type":"if","locations":[{"start":{"line":40,"column":4},"end":{"line":42,"column":null}},{"start":{},"end":{}}],"line":40},"4":{"loc":{"start":{"line":40,"column":8},"end":{"line":40,"column":58}},"type":"binary-expr","locations":[{"start":{"line":40,"column":8},"end":{"line":40,"column":23}},{"start":{"line":40,"column":23},"end":{"line":40,"column":58}}],"line":40},"5":{"loc":{"start":{"line":48,"column":4},"end":{"line":50,"column":null}},"type":"if","locations":[{"start":{"line":48,"column":4},"end":{"line":50,"column":null}},{"start":{},"end":{}}],"line":48},"6":{"loc":{"start":{"line":57,"column":4},"end":{"line":59,"column":null}},"type":"if","locations":[{"start":{"line":57,"column":4},"end":{"line":59,"column":null}},{"start":{},"end":{}}],"line":57},"7":{"loc":{"start":{"line":78,"column":6},"end":{"line":81,"column":null}},"type":"if","locations":[{"start":{"line":78,"column":6},"end":{"line":81,"column":null}},{"start":{},"end":{}}],"line":78},"8":{"loc":{"start":{"line":79,"column":8},"end":{"line":79,"column":null}},"type":"if","locations":[{"start":{"line":79,"column":8},"end":{"line":79,"column":null}},{"start":{},"end":{}}],"line":79},"9":{"loc":{"start":{"line":84,"column":24},"end":{"line":84,"column":null}},"type":"binary-expr","locations":[{"start":{"line":84,"column":24},"end":{"line":84,"column":55}},{"start":{"line":84,"column":55},"end":{"line":84,"column":null}}],"line":84},"10":{"loc":{"start":{"line":85,"column":24},"end":{"line":85,"column":null}},"type":"cond-expr","locations":[{"start":{"line":85,"column":47},"end":{"line":85,"column":98}},{"start":{"line":85,"column":98},"end":{"line":85,"column":null}}],"line":85},"11":{"loc":{"start":{"line":90,"column":8},"end":{"line":90,"column":null}},"type":"binary-expr","locations":[{"start":{"line":90,"column":8},"end":{"line":90,"column":29}},{"start":{"line":90,"column":29},"end":{"line":90,"column":null}}],"line":90},"12":{"loc":{"start":{"line":91,"column":8},"end":{"line":91,"column":null}},"type":"binary-expr","locations":[{"start":{"line":91,"column":8},"end":{"line":91,"column":29}},{"start":{"line":91,"column":29},"end":{"line":91,"column":null}}],"line":91},"13":{"loc":{"start":{"line":92,"column":8},"end":{"line":92,"column":null}},"type":"binary-expr","locations":[{"start":{"line":92,"column":8},"end":{"line":92,"column":35}},{"start":{"line":92,"column":35},"end":{"line":92,"column":null}}],"line":92},"14":{"loc":{"start":{"line":93,"column":8},"end":{"line":93,"column":null}},"type":"binary-expr","locations":[{"start":{"line":93,"column":8},"end":{"line":93,"column":30}},{"start":{"line":93,"column":30},"end":{"line":93,"column":null}}],"line":93},"15":{"loc":{"start":{"line":110,"column":4},"end":{"line":134,"column":null}},"type":"if","locations":[{"start":{"line":110,"column":4},"end":{"line":134,"column":null}},{"start":{},"end":{}}],"line":110},"16":{"loc":{"start":{"line":124,"column":20},"end":{"line":124,"column":null}},"type":"cond-expr","locations":[{"start":{"line":124,"column":34},"end":{"line":124,"column":38}},{"start":{"line":124,"column":38},"end":{"line":124,"column":null}}],"line":124},"17":{"loc":{"start":{"line":127,"column":8},"end":{"line":130,"column":null}},"type":"if","locations":[{"start":{"line":127,"column":8},"end":{"line":130,"column":null}},{"start":{},"end":{}}],"line":127},"18":{"loc":{"start":{"line":148,"column":4},"end":{"line":163,"column":null}},"type":"if","locations":[{"start":{"line":148,"column":4},"end":{"line":163,"column":null}},{"start":{},"end":{}}],"line":148},"19":{"loc":{"start":{"line":150,"column":28},"end":{"line":150,"column":51}},"type":"binary-expr","locations":[{"start":{"line":150,"column":28},"end":{"line":150,"column":47}},{"start":{"line":150,"column":47},"end":{"line":150,"column":51}}],"line":150},"20":{"loc":{"start":{"line":151,"column":8},"end":{"line":159,"column":null}},"type":"if","locations":[{"start":{"line":151,"column":8},"end":{"line":159,"column":null}},{"start":{},"end":{}}],"line":151},"21":{"loc":{"start":{"line":151,"column":12},"end":{"line":151,"column":50}},"type":"binary-expr","locations":[{"start":{"line":151,"column":12},"end":{"line":151,"column":31}},{"start":{"line":151,"column":31},"end":{"line":151,"column":50}}],"line":151},"22":{"loc":{"start":{"line":166,"column":4},"end":{"line":179,"column":null}},"type":"if","locations":[{"start":{"line":166,"column":4},"end":{"line":179,"column":null}},{"start":{},"end":{}}],"line":166},"23":{"loc":{"start":{"line":166,"column":8},"end":{"line":166,"column":25}},"type":"binary-expr","locations":[{"start":{"line":166,"column":8},"end":{"line":166,"column":17}},{"start":{"line":166,"column":17},"end":{"line":166,"column":25}}],"line":166},"24":{"loc":{"start":{"line":170,"column":8},"end":{"line":175,"column":null}},"type":"if","locations":[{"start":{"line":170,"column":8},"end":{"line":175,"column":null}},{"start":{},"end":{}}],"line":170},"25":{"loc":{"start":{"line":184,"column":4},"end":{"line":198,"column":null}},"type":"if","locations":[{"start":{"line":184,"column":4},"end":{"line":198,"column":null}},{"start":{},"end":{}}],"line":184},"26":{"loc":{"start":{"line":184,"column":8},"end":{"line":184,"column":87}},"type":"binary-expr","locations":[{"start":{"line":184,"column":8},"end":{"line":184,"column":26}},{"start":{"line":184,"column":26},"end":{"line":184,"column":45}},{"start":{"line":184,"column":45},"end":{"line":184,"column":66}},{"start":{"line":184,"column":66},"end":{"line":184,"column":87}}],"line":184},"27":{"loc":{"start":{"line":192,"column":10},"end":{"line":192,"column":null}},"type":"binary-expr","locations":[{"start":{"line":192,"column":10},"end":{"line":192,"column":103}},{"start":{"line":192,"column":103},"end":{"line":192,"column":null}}],"line":192}},"s":{"0":1,"1":1,"2":1,"3":1,"4":1,"5":5,"6":5,"7":0,"8":5,"9":0,"10":5,"11":5,"12":5,"13":1,"14":4,"15":4,"16":4,"17":4,"18":0,"19":4,"20":4,"21":25,"22":4,"23":1,"24":3,"25":3,"26":3,"27":3,"28":3,"29":3,"30":22,"31":22,"32":22,"33":17,"34":2,"35":17,"36":22,"37":22,"38":22,"39":22,"40":3,"41":22,"42":3,"43":3,"44":2,"45":17,"46":3,"47":3,"48":3,"49":3,"50":3,"51":3,"52":3,"53":3,"54":18,"55":3,"56":3,"57":22,"58":3,"59":22,"60":3,"61":22,"62":3,"63":3,"64":0,"65":0,"66":3,"67":3,"68":3,"69":3,"70":3,"71":3,"72":3,"73":0,"74":3,"75":3,"76":0,"77":0,"78":0,"79":0,"80":0,"81":0,"82":3,"83":1,"84":1,"85":1,"86":0,"87":3,"88":0,"89":0},"f":{"0":5,"1":25,"2":22,"3":17,"4":18,"5":22,"6":22,"7":22,"8":3},"b":{"0":[1,0],"1":[0,5],"2":[0,5],"3":[1,4],"4":[5,4],"5":[0,4],"6":[1,3],"7":[17,5],"8":[2,15],"9":[22,16],"10":[6,16],"11":[22,16],"12":[22,16],"13":[22,16],"14":[22,16],"15":[3,0],"16":[2,1],"17":[0,3],"18":[3,0],"19":[3,0],"20":[3,0],"21":[3,0],"22":[0,3],"23":[3,0],"24":[0,0],"25":[1,2],"26":[3,3,3,1],"27":[1,0]},"meta":{"lastBranch":28,"lastFunction":9,"lastStatement":90,"seen":{"s:14:39:18:Infinity":0,"b:20:0:24:Infinity:undefined:undefined:undefined:undefined":0,"s:20:0:24:Infinity":1,"s:21:2:23:Infinity":2,"s:26:6:26:Infinity":3,"s:27:6:27:Infinity":4,"f:29:30:29:38":0,"s:30:2:205:Infinity":5,"b:31:4:31:Infinity:undefined:undefined:undefined:undefined":1,"s:31:4:31:Infinity":6,"s:31:34:31:Infinity":7,"b:33:4:35:Infinity:undefined:undefined:undefined:undefined":2,"s:33:4:35:Infinity":8,"s:34:6:34:Infinity":9,"s:37:30:37:Infinity":10,"s:38:23:38:Infinity":11,"b:40:4:42:Infinity:undefined:undefined:undefined:undefined":3,"s:40:4:42:Infinity":12,"b:40:8:40:23:40:23:40:58":4,"s:41:6:41:Infinity":13,"s:44:20:44:Infinity":14,"s:45:25:45:Infinity":15,"s:46:16:46:Infinity":16,"b:48:4:50:Infinity:undefined:undefined:undefined:undefined":5,"s:48:4:50:Infinity":17,"s:49:6:49:Infinity":18,"s:54:24:54:Infinity":19,"s:55:17:55:Infinity":20,"f:55:34:55:38":1,"s:55:45:55:55":21,"b:57:4:59:Infinity:undefined:undefined:undefined:undefined":6,"s:57:4:59:Infinity":22,"s:58:6:58:Infinity":23,"s:62:26:62:Infinity":24,"s:63:26:63:Infinity":25,"s:64:29:64:Infinity":26,"s:65:50:65:Infinity":27,"s:67:46:71:Infinity":28,"s:73:4:96:Infinity":29,"s:74:18:74:Infinity":30,"s:75:6:75:Infinity":31,"b:78:6:81:Infinity:undefined:undefined:undefined:undefined":7,"s:78:6:81:Infinity":32,"b:79:8:79:Infinity:undefined:undefined:undefined:undefined":8,"s:79:8:79:Infinity":33,"s:79:43:79:Infinity":34,"s:80:8:80:Infinity":35,"s:84:24:84:Infinity":36,"b:84:24:84:55:84:55:84:Infinity":9,"s:85:24:85:Infinity":37,"b:85:47:85:98:85:98:85:Infinity":10,"s:87:6:94:Infinity":38,"b:90:8:90:29:90:29:90:Infinity":11,"b:91:8:91:29:91:29:91:Infinity":12,"b:92:8:92:35:92:35:92:Infinity":13,"b:93:8:93:30:93:30:93:Infinity":14,"s:95:6:95:Infinity":39,"s:99:30:99:Infinity":40,"f:99:42:99:50":2,"s:99:59:99:66":41,"s:101:54:101:Infinity":42,"s:102:4:104:Infinity":43,"s:103:6:103:Infinity":44,"f:103:43:103:51":3,"s:103:60:103:67":45,"s:106:25:106:Infinity":46,"s:107:20:107:Infinity":47,"s:108:34:108:Infinity":48,"b:110:4:134:Infinity:undefined:undefined:undefined:undefined":15,"s:110:4:134:Infinity":49,"s:111:6:111:Infinity":50,"s:112:6:133:Infinity":51,"s:113:27:113:Infinity":52,"s:115:8:118:Infinity":53,"f:116:38:116:43":4,"s:116:59:116:63":54,"s:120:22:120:Infinity":55,"s:121:22:121:Infinity":56,"f:121:24:121:32":5,"s:121:41:121:51":57,"s:122:22:122:Infinity":58,"f:122:24:122:32":6,"s:122:48:122:89":59,"s:123:22:123:Infinity":60,"f:123:24:123:32":7,"s:123:45:123:80":61,"s:124:8:124:Infinity":62,"b:124:34:124:38:124:38:124:Infinity":16,"b:127:8:130:Infinity:undefined:undefined:undefined:undefined":17,"s:127:8:130:Infinity":63,"s:129:10:129:Infinity":64,"s:132:8:132:Infinity":65,"s:136:30:144:Infinity":66,"s:147:21:147:Infinity":67,"b:148:4:163:Infinity:undefined:undefined:undefined:undefined":18,"s:148:4:163:Infinity":68,"s:149:23:149:Infinity":69,"s:150:12:161:Infinity":70,"b:150:28:150:47:150:47:150:51":19,"f:150:51:150:56":8,"b:151:8:159:Infinity:undefined:undefined:undefined:undefined":20,"s:151:8:159:Infinity":71,"b:151:12:151:31:151:31:151:50":21,"s:152:10:158:Infinity":72,"s:160:8:160:Infinity":73,"s:162:6:162:Infinity":74,"b:166:4:179:Infinity:undefined:undefined:undefined:undefined":22,"s:166:4:179:Infinity":75,"b:166:8:166:17:166:17:166:25":23,"s:167:6:178:Infinity":76,"s:168:27:168:Infinity":77,"s:169:28:169:Infinity":78,"b:170:8:175:Infinity:undefined:undefined:undefined:undefined":24,"s:170:8:175:Infinity":79,"s:171:10:174:Infinity":80,"s:177:8:177:Infinity":81,"b:184:4:198:Infinity:undefined:undefined:undefined:undefined":25,"s:184:4:198:Infinity":82,"b:184:8:184:26:184:26:184:45:184:45:184:66:184:66:184:87":26,"s:185:6:197:Infinity":83,"s:186:24:186:Infinity":84,"s:187:8:194:Infinity":85,"b:192:10:192:103:192:103:192:Infinity":27,"s:196:8:196:Infinity":86,"s:200:4:200:Infinity":87,"s:203:4:203:Infinity":88,"s:204:4:204:Infinity":89}}}
,"C:\\Users\\matty\\Range-Anxiety-Rider\\api\\send-email.ts": {"path":"C:\\Users\\matty\\Range-Anxiety-Rider\\api\\send-email.ts","statementMap":{"0":{"start":{"line":7,"column":39},"end":{"line":11,"column":null}},"1":{"start":{"line":13,"column":0},"end":{"line":17,"column":null}},"2":{"start":{"line":14,"column":2},"end":{"line":16,"column":null}},"3":{"start":{"line":19,"column":15},"end":{"line":19,"column":null}},"4":{"start":{"line":22,"column":2},"end":{"line":22,"column":null}},"5":{"start":{"line":22,"column":32},"end":{"line":22,"column":null}},"6":{"start":{"line":24,"column":2},"end":{"line":26,"column":null}},"7":{"start":{"line":25,"column":4},"end":{"line":25,"column":null}},"8":{"start":{"line":29,"column":21},"end":{"line":29,"column":null}},"9":{"start":{"line":30,"column":2},"end":{"line":32,"column":null}},"10":{"start":{"line":31,"column":4},"end":{"line":31,"column":null}},"11":{"start":{"line":34,"column":16},"end":{"line":34,"column":null}},"12":{"start":{"line":35,"column":2},"end":{"line":39,"column":null}},"13":{"start":{"line":36,"column":4},"end":{"line":36,"column":null}},"14":{"start":{"line":38,"column":4},"end":{"line":38,"column":null}},"15":{"start":{"line":41,"column":38},"end":{"line":41,"column":null}},"16":{"start":{"line":44,"column":21},"end":{"line":44,"column":null}},"17":{"start":{"line":45,"column":2},"end":{"line":47,"column":null}},"18":{"start":{"line":46,"column":4},"end":{"line":46,"column":null}},"19":{"start":{"line":49,"column":2},"end":{"line":51,"column":null}},"20":{"start":{"line":50,"column":4},"end":{"line":50,"column":null}},"21":{"start":{"line":53,"column":2},"end":{"line":55,"column":null}},"22":{"start":{"line":54,"column":4},"end":{"line":54,"column":null}},"23":{"start":{"line":57,"column":2},"end":{"line":70,"column":null}},"24":{"start":{"line":58,"column":17},"end":{"line":64,"column":null}},"25":{"start":{"line":66,"column":4},"end":{"line":66,"column":null}},"26":{"start":{"line":68,"column":4},"end":{"line":68,"column":null}},"27":{"start":{"line":69,"column":4},"end":{"line":69,"column":null}}},"fnMap":{"0":{"name":"handler","decl":{"start":{"line":21,"column":30},"end":{"line":21,"column":38}},"loc":{"start":{"line":21,"column":79},"end":{"line":71,"column":null}},"line":21}},"branchMap":{"0":{"loc":{"start":{"line":13,"column":0},"end":{"line":17,"column":null}},"type":"if","locations":[{"start":{"line":13,"column":0},"end":{"line":17,"column":null}},{"start":{},"end":{}}],"line":13},"1":{"loc":{"start":{"line":22,"column":2},"end":{"line":22,"column":null}},"type":"if","locations":[{"start":{"line":22,"column":2},"end":{"line":22,"column":null}},{"start":{},"end":{}}],"line":22},"2":{"loc":{"start":{"line":24,"column":2},"end":{"line":26,"column":null}},"type":"if","locations":[{"start":{"line":24,"column":2},"end":{"line":26,"column":null}},{"start":{},"end":{}}],"line":24},"3":{"loc":{"start":{"line":30,"column":2},"end":{"line":32,"column":null}},"type":"if","locations":[{"start":{"line":30,"column":2},"end":{"line":32,"column":null}},{"start":{},"end":{}}],"line":30},"4":{"loc":{"start":{"line":45,"column":2},"end":{"line":47,"column":null}},"type":"if","locations":[{"start":{"line":45,"column":2},"end":{"line":47,"column":null}},{"start":{},"end":{}}],"line":45},"5":{"loc":{"start":{"line":45,"column":6},"end":{"line":45,"column":61}},"type":"binary-expr","locations":[{"start":{"line":45,"column":6},"end":{"line":45,"column":13}},{"start":{"line":45,"column":13},"end":{"line":45,"column":39}},{"start":{"line":45,"column":39},"end":{"line":45,"column":61}}],"line":45},"6":{"loc":{"start":{"line":49,"column":2},"end":{"line":51,"column":null}},"type":"if","locations":[{"start":{"line":49,"column":2},"end":{"line":51,"column":null}},{"start":{},"end":{}}],"line":49},"7":{"loc":{"start":{"line":49,"column":6},"end":{"line":49,"column":71}},"type":"binary-expr","locations":[{"start":{"line":49,"column":6},"end":{"line":49,"column":18}},{"start":{"line":49,"column":18},"end":{"line":49,"column":49}},{"start":{"line":49,"column":49},"end":{"line":49,"column":71}}],"line":49},"8":{"loc":{"start":{"line":53,"column":2},"end":{"line":55,"column":null}},"type":"if","locations":[{"start":{"line":53,"column":2},"end":{"line":55,"column":null}},{"start":{},"end":{}}],"line":53},"9":{"loc":{"start":{"line":53,"column":2},"end":{"line":53,"column":82}},"type":"binary-expr","locations":[{"start":{"line":53,"column":7},"end":{"line":53,"column":16}},{"start":{"line":53,"column":16},"end":{"line":53,"column":46}},{"start":{"line":53,"column":46},"end":{"line":53,"column":55}},{"start":{"line":53,"column":55},"end":{"line":53,"column":82}}],"line":53},"10":{"loc":{"start":{"line":59,"column":12},"end":{"line":59,"column":null}},"type":"binary-expr","locations":[{"start":{"line":59,"column":12},"end":{"line":59,"column":45}},{"start":{"line":59,"column":45},"end":{"line":59,"column":null}}],"line":59}},"s":{"0":1,"1":1,"2":1,"3":1,"4":6,"5":0,"6":6,"7":1,"8":5,"9":5,"10":1,"11":4,"12":4,"13":4,"14":0,"15":4,"16":4,"17":4,"18":1,"19":3,"20":1,"21":2,"22":1,"23":1,"24":1,"25":1,"26":0,"27":0},"f":{"0":6},"b":{"0":[1,0],"1":[0,6],"2":[1,5],"3":[1,4],"4":[1,3],"5":[4,4,4],"6":[1,2],"7":[3,2,2],"8":[1,1],"9":[2,1,1,0],"10":[1,1]},"meta":{"lastBranch":11,"lastFunction":1,"lastStatement":28,"seen":{"s:7:39:11:Infinity":0,"b:13:0:17:Infinity:undefined:undefined:undefined:undefined":0,"s:13:0:17:Infinity":1,"s:14:2:16:Infinity":2,"s:19:15:19:Infinity":3,"f:21:30:21:38":0,"b:22:2:22:Infinity:undefined:undefined:undefined:undefined":1,"s:22:2:22:Infinity":4,"s:22:32:22:Infinity":5,"b:24:2:26:Infinity:undefined:undefined:undefined:undefined":2,"s:24:2:26:Infinity":6,"s:25:4:25:Infinity":7,"s:29:21:29:Infinity":8,"b:30:2:32:Infinity:undefined:undefined:undefined:undefined":3,"s:30:2:32:Infinity":9,"s:31:4:31:Infinity":10,"s:34:16:34:Infinity":11,"s:35:2:39:Infinity":12,"s:36:4:36:Infinity":13,"s:38:4:38:Infinity":14,"s:41:38:41:Infinity":15,"s:44:21:44:Infinity":16,"b:45:2:47:Infinity:undefined:undefined:undefined:undefined":4,"s:45:2:47:Infinity":17,"b:45:6:45:13:45:13:45:39:45:39:45:61":5,"s:46:4:46:Infinity":18,"b:49:2:51:Infinity:undefined:undefined:undefined:undefined":6,"s:49:2:51:Infinity":19,"b:49:6:49:18:49:18:49:49:49:49:49:71":7,"s:50:4:50:Infinity":20,"b:53:2:55:Infinity:undefined:undefined:undefined:undefined":8,"s:53:2:55:Infinity":21,"b:53:7:53:16:53:16:53:46:53:46:53:55:53:55:53:82":9,"s:54:4:54:Infinity":22,"s:57:2:70:Infinity":23,"s:58:17:64:Infinity":24,"b:59:12:59:45:59:45:59:Infinity":10,"s:66:4:66:Infinity":25,"s:68:4:68:Infinity":26,"s:69:4:69:Infinity":27}}}
,"C:\\Users\\matty\\Range-Anxiety-Rider\\api\\stripe-webhook.ts": {"path":"C:\\Users\\matty\\Range-Anxiety-Rider\\api\\stripe-webhook.ts","statementMap":{"0":{"start":{"line":6,"column":39},"end":{"line":10,"column":null}},"1":{"start":{"line":12,"column":0},"end":{"line":16,"column":null}},"2":{"start":{"line":13,"column":2},"end":{"line":15,"column":null}},"3":{"start":{"line":18,"column":6},"end":{"line":18,"column":null}},"4":{"start":{"line":19,"column":15},"end":{"line":21,"column":null}},"5":{"start":{"line":23,"column":22},"end":{"line":27,"column":null}},"6":{"start":{"line":32,"column":2},"end":{"line":37,"column":null}},"7":{"start":{"line":33,"column":26},"end":{"line":33,"column":null}},"8":{"start":{"line":34,"column":4},"end":{"line":34,"column":null}},"9":{"start":{"line":34,"column":30},"end":{"line":34,"column":48}},"10":{"start":{"line":35,"column":4},"end":{"line":35,"column":null}},"11":{"start":{"line":35,"column":24},"end":{"line":35,"column":54}},"12":{"start":{"line":36,"column":4},"end":{"line":36,"column":null}},"13":{"start":{"line":43,"column":17},"end":{"line":43,"column":null}},"14":{"start":{"line":44,"column":15},"end":{"line":44,"column":null}},"15":{"start":{"line":46,"column":2},"end":{"line":49,"column":null}},"16":{"start":{"line":47,"column":4},"end":{"line":47,"column":null}},"17":{"start":{"line":48,"column":4},"end":{"line":48,"column":null}},"18":{"start":{"line":51,"column":26},"end":{"line":53,"column":null}},"19":{"start":{"line":55,"column":14},"end":{"line":55,"column":null}},"20":{"start":{"line":57,"column":2},"end":{"line":70,"column":null}},"21":{"start":{"line":58,"column":4},"end":{"line":58,"column":null}},"22":{"start":{"line":59,"column":22},"end":{"line":59,"column":null}},"23":{"start":{"line":60,"column":4},"end":{"line":60,"column":null}},"24":{"start":{"line":61,"column":4},"end":{"line":61,"column":null}},"25":{"start":{"line":62,"column":9},"end":{"line":70,"column":null}},"26":{"start":{"line":63,"column":4},"end":{"line":63,"column":null}},"27":{"start":{"line":64,"column":22},"end":{"line":64,"column":null}},"28":{"start":{"line":65,"column":4},"end":{"line":65,"column":null}},"29":{"start":{"line":66,"column":4},"end":{"line":66,"column":null}},"30":{"start":{"line":68,"column":4},"end":{"line":68,"column":null}},"31":{"start":{"line":69,"column":4},"end":{"line":69,"column":null}},"32":{"start":{"line":72,"column":2},"end":{"line":72,"column":null}},"33":{"start":{"line":73,"column":2},"end":{"line":73,"column":null}},"34":{"start":{"line":77,"column":26},"end":{"line":77,"column":null}},"35":{"start":{"line":78,"column":2},"end":{"line":78,"column":null}},"36":{"start":{"line":78,"column":23},"end":{"line":78,"column":null}},"37":{"start":{"line":80,"column":23},"end":{"line":80,"column":null}},"38":{"start":{"line":81,"column":17},"end":{"line":81,"column":null}},"39":{"start":{"line":83,"column":2},"end":{"line":91,"column":null}},"40":{"start":{"line":84,"column":22},"end":{"line":84,"column":null}},"41":{"start":{"line":85,"column":4},"end":{"line":85,"column":null}},"42":{"start":{"line":86,"column":4},"end":{"line":89,"column":null}},"43":{"start":{"line":90,"column":4},"end":{"line":90,"column":null}},"44":{"start":{"line":95,"column":25},"end":{"line":95,"column":null}},"45":{"start":{"line":96,"column":23},"end":{"line":96,"column":null}},"46":{"start":{"line":97,"column":17},"end":{"line":97,"column":null}},"47":{"start":{"line":99,"column":2},"end":{"line":104,"column":null}},"48":{"start":{"line":100,"column":4},"end":{"line":102,"column":null}},"49":{"start":{"line":103,"column":4},"end":{"line":103,"column":null}},"50":{"start":{"line":110,"column":2},"end":{"line":112,"column":null}},"51":{"start":{"line":111,"column":4},"end":{"line":111,"column":null}},"52":{"start":{"line":114,"column":14},"end":{"line":114,"column":null}},"53":{"start":{"line":115,"column":24},"end":{"line":115,"column":null}},"54":{"start":{"line":117,"column":2},"end":{"line":119,"column":null}},"55":{"start":{"line":118,"column":4},"end":{"line":118,"column":null}},"56":{"start":{"line":121,"column":2},"end":{"line":147,"column":null}},"57":{"start":{"line":122,"column":20},"end":{"line":122,"column":null}},"58":{"start":{"line":123,"column":18},"end":{"line":123,"column":null}},"59":{"start":{"line":125,"column":4},"end":{"line":141,"column":null}},"60":{"start":{"line":127,"column":8},"end":{"line":127,"column":null}},"61":{"start":{"line":128,"column":8},"end":{"line":128,"column":null}},"62":{"start":{"line":131,"column":8},"end":{"line":131,"column":null}},"63":{"start":{"line":132,"column":8},"end":{"line":132,"column":null}},"64":{"start":{"line":136,"column":8},"end":{"line":136,"column":null}},"65":{"start":{"line":137,"column":8},"end":{"line":137,"column":null}},"66":{"start":{"line":140,"column":8},"end":{"line":140,"column":null}},"67":{"start":{"line":143,"column":4},"end":{"line":143,"column":null}},"68":{"start":{"line":145,"column":4},"end":{"line":145,"column":null}},"69":{"start":{"line":146,"column":4},"end":{"line":146,"column":null}}},"fnMap":{"0":{"name":"getRawBody","decl":{"start":{"line":31,"column":15},"end":{"line":31,"column":26}},"loc":{"start":{"line":31,"column":63},"end":{"line":38,"column":null}},"line":31},"1":{"name":"(anonymous_1)","decl":{"start":{"line":32,"column":13},"end":{"line":32,"column":22}},"loc":{"start":{"line":32,"column":42},"end":{"line":37,"column":3}},"line":32},"2":{"name":"(anonymous_2)","decl":{"start":{"line":34,"column":11},"end":{"line":34,"column":20}},"loc":{"start":{"line":34,"column":30},"end":{"line":34,"column":48}},"line":34},"3":{"name":"(anonymous_3)","decl":{"start":{"line":35,"column":11},"end":{"line":35,"column":24}},"loc":{"start":{"line":35,"column":24},"end":{"line":35,"column":54}},"line":35},"4":{"name":"handleCheckoutSessionCompleted","decl":{"start":{"line":42,"column":15},"end":{"line":42,"column":46}},"loc":{"start":{"line":42,"column":80},"end":{"line":74,"column":null}},"line":42},"5":{"name":"handleInvoicePaymentSucceeded","decl":{"start":{"line":76,"column":15},"end":{"line":76,"column":45}},"loc":{"start":{"line":76,"column":70},"end":{"line":92,"column":null}},"line":76},"6":{"name":"handleSubscriptionDeletedOrFailed","decl":{"start":{"line":94,"column":15},"end":{"line":94,"column":49}},"loc":{"start":{"line":94,"column":59},"end":{"line":105,"column":null}},"line":94},"7":{"name":"handler","decl":{"start":{"line":109,"column":30},"end":{"line":109,"column":38}},"loc":{"start":{"line":109,"column":79},"end":{"line":148,"column":null}},"line":109}},"branchMap":{"0":{"loc":{"start":{"line":12,"column":0},"end":{"line":16,"column":null}},"type":"if","locations":[{"start":{"line":12,"column":0},"end":{"line":16,"column":null}},{"start":{},"end":{}}],"line":12},"1":{"loc":{"start":{"line":46,"column":2},"end":{"line":49,"column":null}},"type":"if","locations":[{"start":{"line":46,"column":2},"end":{"line":49,"column":null}},{"start":{},"end":{}}],"line":46},"2":{"loc":{"start":{"line":46,"column":6},"end":{"line":46,"column":68}},"type":"binary-expr","locations":[{"start":{"line":46,"column":6},"end":{"line":46,"column":17}},{"start":{"line":46,"column":17},"end":{"line":46,"column":47}},{"start":{"line":46,"column":47},"end":{"line":46,"column":68}}],"line":46},"3":{"loc":{"start":{"line":57,"column":2},"end":{"line":70,"column":null}},"type":"if","locations":[{"start":{"line":57,"column":2},"end":{"line":70,"column":null}},{"start":{"line":62,"column":9},"end":{"line":70,"column":null}}],"line":57},"4":{"loc":{"start":{"line":62,"column":9},"end":{"line":70,"column":null}},"type":"if","locations":[{"start":{"line":62,"column":9},"end":{"line":70,"column":null}},{"start":{"line":67,"column":9},"end":{"line":70,"column":null}}],"line":62},"5":{"loc":{"start":{"line":78,"column":2},"end":{"line":78,"column":null}},"type":"if","locations":[{"start":{"line":78,"column":2},"end":{"line":78,"column":null}},{"start":{},"end":{}}],"line":78},"6":{"loc":{"start":{"line":83,"column":2},"end":{"line":91,"column":null}},"type":"if","locations":[{"start":{"line":83,"column":2},"end":{"line":91,"column":null}},{"start":{},"end":{}}],"line":83},"7":{"loc":{"start":{"line":95,"column":25},"end":{"line":95,"column":null}},"type":"binary-expr","locations":[{"start":{"line":95,"column":25},"end":{"line":95,"column":45}},{"start":{"line":95,"column":45},"end":{"line":95,"column":null}}],"line":95},"8":{"loc":{"start":{"line":99,"column":2},"end":{"line":104,"column":null}},"type":"if","locations":[{"start":{"line":99,"column":2},"end":{"line":104,"column":null}},{"start":{},"end":{}}],"line":99},"9":{"loc":{"start":{"line":110,"column":2},"end":{"line":112,"column":null}},"type":"if","locations":[{"start":{"line":110,"column":2},"end":{"line":112,"column":null}},{"start":{},"end":{}}],"line":110},"10":{"loc":{"start":{"line":117,"column":2},"end":{"line":119,"column":null}},"type":"if","locations":[{"start":{"line":117,"column":2},"end":{"line":119,"column":null}},{"start":{},"end":{}}],"line":117},"11":{"loc":{"start":{"line":117,"column":6},"end":{"line":117,"column":30}},"type":"binary-expr","locations":[{"start":{"line":117,"column":6},"end":{"line":117,"column":14}},{
[...]
:{"start":{"line":326,"column":93},"end":{"line":333,"column":null}},"line":326}},"branchMap":{"0":{"loc":{"start":{"line":64,"column":4},"end":{"line":64,"column":null}},"type":"default-arg","locations":[{"start":{"line":64,"column":21},"end":{"line":64,"column":null}}],"line":64},"1":{"loc":{"start":{"line":65,"column":4},"end":{"line":65,"column":null}},"type":"default-arg","locations":[{"start":{"line":65,"column":23},"end":{"line":65,"column":null}}],"line":65},"2":{"loc":{"start":{"line":66,"column":4},"end":{"line":66,"column":null}},"type":"default-arg","locations":[{"start":{"line":66,"column":16},"end":{"line":66,"column":null}}],"line":66},"3":{"loc":{"start":{"line":67,"column":4},"end":{"line":67,"column":null}},"type":"default-arg","locations":[{"start":{"line":67,"column":19},"end":{"line":67,"column":null}}],"line":67},"4":{"loc":{"start":{"line":72,"column":4},"end":{"line":72,"column":null}},"type":"default-arg","locations":[{"start":{"line":72,"column":17},"end":{"line":72,"column":null}}],"line":72},"5":{"loc":{"start":{"line":73,"column":4},"end":{"line":73,"column":null}},"type":"default-arg","locations":[{"start":{"line":73,"column":20},"end":{"line":73,"column":null}}],"line":73},"6":{"loc":{"start":{"line":74,"column":4},"end":{"line":74,"column":null}},"type":"default-arg","locations":[{"start":{"line":74,"column":14},"end":{"line":74,"column":null}}],"line":74},"7":{"loc":{"start":{"line":75,"column":4},"end":{"line":75,"column":null}},"type":"default-arg","locations":[{"start":{"line":75,"column":15},"end":{"line":75,"column":null}}],"line":75},"8":{"loc":{"start":{"line":79,"column":2},"end":{"line":79,"column":null}},"type":"if","locations":[{"start":{"line":79,"column":2},"end":{"line":79,"column":null}},{"start":{},"end":{}}],"line":79},"9":{"loc":{"start":{"line":85,"column":2},"end":{"line":87,"column":null}},"type":"if","locations":[{"start":{"line":85,"column":2},"end":{"line":87,"column":null}},{"start":{"line":86,"column":7},"end":{"line":87,"column":null}}],"line":85},"10":{"loc":{"start":{"line":86,"column":7},"end":{"line":87,"column":null}},"type":"if","locations":[{"start":{"line":86,"column":7},"end":{"line":87,"column":null}},{"start":{"line":87,"column":7},"end":{"line":87,"column":null}}],"line":86},"11":{"loc":{"start":{"line":87,"column":7},"end":{"line":87,"column":null}},"type":"if","locations":[{"start":{"line":87,"column":7},"end":{"line":87,"column":null}},{"start":{},"end":{}}],"line":87},"12":{"loc":{"start":{"line":91,"column":2},"end":{"line":91,"column":null}},"type":"if","locations":[{"start":{"line":91,"column":2},"end":{"line":91,"column":null}},{"start":{},"end":{}}],"line":91},"13":{"loc":{"start":{"line":92,"column":2},"end":{"line":92,"column":null}},"type":"if","locations":[{"start":{"line":92,"column":2},"end":{"line":92,"column":null}},{"start":{},"end":{}}],"line":92},"14":{"loc":{"start":{"line":117,"column":2},"end":{"line":137,"column":null}},"type":"if","locations":[{"start":{"line":117,"column":2},"end":{"line":137,"column":null}},{"start":{},"end":{}}],"line":117},"15":{"loc":{"start":{"line":119,"column":18},"end":{"line":119,"column":null}},"type":"binary-expr","locations":[{"start":{"line":119,"column":18},"end":{"line":119,"column":46}},{"start":{"line":119,"column":46},"end":{"line":119,"column":null}}],"line":119},"16":{"loc":{"start":{"line":124,"column":21},"end":{"line":124,"column":null}},"type":"binary-expr","locations":[{"start":{"line":124,"column":21},"end":{"line":124,"column":44}},{"start":{"line":124,"column":44},"end":{"line":124,"column":null}}],"line":124},"17":{"loc":{"start":{"line":126,"column":4},"end":{"line":136,"column":null}},"type":"if","locations":[{"start":{"line":126,"column":4},"end":{"line":136,"column":null}},{"start":{"line":129,"column":11},"end":{"line":136,"column":null}}],"line":126},"18":{"loc":{"start":{"line":129,"column":11},"end":{"line":136,"column":null}},"type":"if","locations":[{"start":{"line":129,"column":11},"end":{"line":136,"column":null}},{"start":{"line":133,"column":11},"end":{"line":136,"column":null}}],"line":129},"19":{"loc":{"start":{"line":140,"column":32},"end":{"line":140,"column":null}},"type":"cond-expr","locations":[{"start":{"line":140,"column":50},"end":{"line":140,"column":54}},{"start":{"line":140,"column":54},"end":{"line":140,"column":null}}],"line":140},"20":{"loc":{"start":{"line":144,"column":2},"end":{"line":144,"column":null}},"type":"if","locations":[{"start":{"line":144,"column":2},"end":{"line":144,"column":null}},{"start":{},"end":{}}],"line":144},"21":{"loc":{"start":{"line":148,"column":17},"end":{"line":148,"column":45}},"type":"binary-expr","locations":[{"start":{"line":148,"column":17},"end":{"line":148,"column":41}},{"start":{"line":148,"column":41},"end":{"line":148,"column":45}}],"line":148},"22":{"loc":{"start":{"line":149,"column":2},"end":{"line":152,"column":null}},"type":"if","locations":[{"start":{"line":149,"column":2},"end":{"line":152,"column":null}},{"start":{"line":150,"column":7},"end":{"line":152,"column":null}}],"line":149},"23":{"loc":{"start":{"line":150,"column":7},"end":{"line":152,"column":null}},"type":"if","locations":[{"start":{"line":150,"column":7},"end":{"line":152,"column":null}},{"start":{"line":151,"column":7},"end":{"line":152,"column":null}}],"line":150},"24":{"loc":{"start":{"line":151,"column":7},"end":{"line":152,"column":null}},"type":"if","locations":[{"start":{"line":151,"column":7},"end":{"line":152,"column":null}},{"start":{"line":152,"column":7},"end":{"line":152,"column":null}}],"line":151},"25":{"loc":{"start":{"line":151,"column":11},"end":{"line":151,"column":61}},"type":"binary-expr","locations":[{"start":{"line":151,"column":11},"end":{"line":151,"column":38}},{"start":{"line":151,"column":38},"end":{"line":151,"column":61}}],"line":151},"26":{"loc":{"start":{"line":152,"column":7},"end":{"line":152,"column":null}},"type":"if","locations":[{"start":{"line":152,"column":7},"end":{"line":152,"column":null}},{"start":{},"end":{}}],"line":152},"27":{"loc":{"start":{"line":155,"column":2},"end":{"line":155,"column":null}},"type":"if","locations":[{"start":{"line":155,"column":2},"end":{"line":155,"column":null}},{"start":{},"end":{}}],"line":155},"28":{"loc":{"start":{"line":158,"column":2},"end":{"line":161,"column":null}},"type":"if","locations":[{"start":{"line":158,"column":2},"end":{"line":161,"column":null}},{"start":{},"end":{}}],"line":158},"29":{"loc":{"start":{"line":159,"column":4},"end":{"line":160,"column":null}},"type":"if","locations":[{"start":{"line":159,"column":4},"end":{"line":160,"column":null}},{"start":{"line":160,"column":9},"end":{"line":160,"column":null}}],"line":159},"30":{"loc":{"start":{"line":160,"column":9},"end":{"line":160,"column":null}},"type":"if","locations":[{"start":{"line":160,"column":9},"end":{"line":160,"column":null}},{"start":{},"end":{}}],"line":160},"31":{"loc":{"start":{"line":168,"column":28},"end":{"line":168,"column":null}},"type":"binary-expr","locations":[{"start":{"line":168,"column":28},"end":{"line":168,"column":55}},{"start":{"line":168,"column":55},"end":{"line":168,"column":null}}],"line":168},"32":{"loc":{"start":{"line":172,"column":2},"end":{"line":199,"column":null}},"type":"if","locations":[{"start":{"line":172,"column":2},"end":{"line":199,"column":null}},{"start":{},"end":{}}],"line":172},"33":{"loc":{"start":{"line":174,"column":19},"end":{"line":174,"column":null}},"type":"binary-expr","locations":[{"start":{"line":174,"column":19},"end":{"line":174,"column":44}},{"start":{"line":174,"column":44},"end":{"line":174,"column":null}}],"line":174},"34":{"loc":{"start":{"line":176,"column":4},"end":{"line":198,"column":null}},"type":"if","locations":[{"start":{"line":176,"column":4},"end":{"line":198,"column":null}},{"start":{"line":192,"column":11},"end":{"line":198,"column":null}}],"line":176},"35":{"loc":{"start":{"line":176,"column":8},"end":{"line":176,"column":85}},"type":"binary-expr","locations":[{"start":{"line":176,"column":8},"end":{"line":176,"column":24}},{"start":{"line":176,"column":24},"end":{"line":176,"column":45}},{"start":{"line":176,"column":45},"end":{"line":176,"column":85}}],"line":176},"36":{"loc":{"start":{"line":179,"column":24},"end":{"line":179,"column":null}},"type":"binary-expr","locations":[{"start":{"line":179,"column":24},"end":{"line":179,"column":44}},{"start":{"line":179,"column":44},"end":{"line":179,"column":null}}],"line":179},"37":{"loc":{"start":{"line":181,"column":20},"end":{"line":181,"column":null}},"type":"binary-expr","locations":[{"start":{"line":181,"column":20},"end":{"line":181,"column":43}},{"start":{"line":181,"column":43},"end":{"line":181,"column":null}}],"line":181},"38":{"loc":{"start":{"line":188,"column":23},"end":{"line":188,"column":null}},"type":"binary-expr","locations":[{"start":{"line":188,"column":23},"end":{"line":188,"column":50}},{"start":{"line":188,"column":50},"end":{"line":188,"column":null}}],"line":188},"39":{"loc":{"start":{"line":189,"column":23},"end":{"line":189,"column":null}},"type":"binary-expr","locations":[{"start":{"line":189,"column":23},"end":{"line":189,"column":47}},{"start":{"line":189,"column":47},"end":{"line":189,"column":null}}],"line":189},"40":{"loc":{"start":{"line":192,"column":11},"end":{"line":198,"column":null}},"type":"if","locations":[{"start":{"line":192,"column":11},"end":{"line":198,"column":null}},{"start":{"line":195,"column":11},"end":{"line":198,"column":null}}],"line":192},"41":{"loc":{"start":{"line":192,"column":15},"end":{"line":192,"column":93}},"type":"binary-expr","locations":[{"start":{"line":192,"column":15},"end":{"line":192,"column":31}},{"start":{"line":192,"column":31},"end":{"line":192,"column":51}},{"start":{"line":192,"column":51},"end":{"line":192,"column":93}}],"line":192},"42":{"loc":{"start":{"line":195,"column":11},"end":{"line":198,"column":null}},"type":"if","locations":[{"start":{"line":195,"column":11},"end":{"line":198,"column":null}},{"start":{},"end":{}}],"line":195},"43":{"loc":{"start":{"line":202,"column":18},"end":{"line":202,"column":null}},"type":"binary-expr","locations":[{"start":{"line":202,"column":18},"end":{"line":202,"column":35}},{"start":{"line":202,"column":35},"end":{"line":202,"column":null}}],"line":202},"44":{"loc":{"start":{"line":203,"column":27},"end":{"line":205,"column":null}},"type":"cond-expr","locations":[{"start":{"line":204,"column":7},"end":{"line":204,"column":null}},{"start":{"line":205,"column":7},"end":{"line":205,"column":null}}],"line":203},"45":{"loc":{"start":{"line":232,"column":10},"end":{"line":232,"column":24}},"type":"default-arg","locations":[{"start":{"line":232,"column":20},"end":{"line":232,"column":24}}],"line":232},"46":{"loc":{"start":{"line":232,"column":24},"end":{"line":232,"column":44}},"type":"default-arg","locations":[{"start":{"line":232,"column":37},"end":{"line":232,"column":44}}],"line":232},"47":{"loc":{"start":{"line":234,"column":32},"end":{"line":234,"column":77}},"type":"binary-expr","locations":[{"start":{"line":234,"column":32},"end":{"line":234,"column":70}},{"start":{"line":234,"column":70},"end":{"line":234,"column":77}}],"line":234},"48":{"loc":{"start":{"line":263,"column":10},"end":{"line":263,"column":24}},"type":"default-arg","locations":[{"start":{"line":263,"column":20},"end":{"line":263,"column":24}}],"line":263},"49":{"loc":{"start":{"line":263,"column":24},"end":{"line":263,"column":44}},"type":"default-arg","locations":[{"start":{"line":263,"column":37},"end":{"line":263,"column":44}}],"line":263},"50":{"loc":{"start":{"line":265,"column":32},"end":{"line":265,"column":77}},"type":"binary-expr","locations":[{"start":{"line":265,"column":32},"end":{"line":265,"column":70}},{"start":{"line":265,"column":70},"end":{"line":265,"column":77}}],"line":265},"51":{"loc":{"start":{"line":284,"column":4},"end":{"line":284,"column":null}},"type":"if","locations":[{"start":{"line":284,"column":4},"end":{"line":284,"column":null}},{"start":{},"end":{}}],"line":284},"52":{"loc":{"start":{"line":328,"column":2},"end":{"line":328,"column":null}},"type":"if","locations":[{"start":{"line":328,"column":2},"end":{"line":328,"column":null}},{"start":{},"end":{}}],"line":328},"53":{"loc":{"start":{"line":329,"column":2},"end":{"line":329,"column":null}},"type":"if","locations":[{"start":{"line":329,"column":2},"end":{"line":329,"column":null}},{"start":{},"end":{}}],"line":329}},"s":{"0":1,"1":10,"2":10,"3":10,"4":10,"5":1,"6":9,"7":9,"8":9,"9":0,"10":9,"11":0,"12":9,"13":0,"14":9,"15":9,"16":0,"17":9,"18":0,"19":9,"20":9,"21":9,"22":9,"23":9,"24":9,"25":9,"26":9,"27":9,"28":9,"29":9,"30":0,"31":0,"32":0,"33":0,"34":0,"35":0,"36":0,"37":0,"38":0,"39":0,"40":9,"41":10,"42":10,"43":0,"44":9,"45":9,"46":10,"47":0,"48":9,"49":0,"50":9,"51":0,"52":9,"53":0,"54":9,"55":0,"56":9,"57":9,"58":0,"59":9,"60":0,"61":9,"62":9,"63":9,"64":9,"65":10,"66":10,"67":0,"68":0,"69":0,"70":0,"71":0,"72":0,"73":0,"74":0,"75":0,"76":0,"77":0,"78":0,"79":0,"80":9,"81":10,"82":10,"83":3,"84":3,"85":2,"86":2,"87":2,"88":0,"89":0,"90":0,"91":0,"92":0,"93":0,"94":0,"95":0,"96":0,"97":0,"98":0,"99":0,"100":0,"101":0,"102":0,"103":0,"104":0,"105":0,"106":0,"107":0,"108":0,"109":0,"110":0,"111":0,"112":0,"113":0,"114":0,"115":0,"116":0,"117":0,"118":0,"119":0,"120":4,"121":4,"122":1,"123":4,"124":1,"125":4,"126":4},"f":{"0":10,"1":3,"2":2,"3":0,"4":0,"5":0,"6":4},"b":{"0":[10],"1":[10],"2":[10],"3":[10],"4":[10],"5":[10],"6":[10],"7":[10],"8":[1,9],"9":[0,9],"10":[0,9],"11":[0,9],"12":[0,9],"13":[0,9],"14":[0,9],"15":[0,0],"16":[0,0],"17":[0,0],"18":[0,0],"19":[0,9],"20":[0,10],"21":[9,9],"22":[0,9],"23":[0,9],"24":[0,9],"25":[9,9],"26":[0,9],"27":[0,9],"28":[9,0],"29":[0,9],"30":[0,9],"31":[9,9],"32":[0,10],"33":[0,0],"34":[0,0],"35":[0,0,0],"36":[0,0],"37":[0,0],"38":[0,0],"39":[0,0],"40":[0,0],"41":[0,0,0],"42":[0,0],"43":[9,0],"44":[0,9],"45":[0],"46":[0],"47":[0,0],"48":[0],"49":[0],"50":[0,0],"51":[0,0],"52":[1,3],"53":[1,3]},"meta":{"lastBranch":54,"lastFunction":7,"lastStatement":127,"seen":{"s:49:33:54:Infinity":0,"f:59:16:59:34":0,"s:69:6:69:Infinity":1,"b:64:21:64:Infinity":0,"b:65:23:65:Infinity":1,"b:66:16:66:Infinity":2,"b:67:19:67:Infinity":3,"s:76:6:76:Infinity":2,"b:72:17:72:Infinity":4,"b:73:20:73:Infinity":5,"b:74:14:74:Infinity":6,"b:75:15:75:Infinity":7,"s:78:18:78:Infinity":3,"b:79:2:79:Infinity:undefined:undefined:undefined:undefined":8,"s:79:2:79:Infinity":4,"s:79:20:79:Infinity":5,"s:81:8:81:Infinity":6,"s:84:12:84:Infinity":7,"b:85:2:87:Infinity:86:7:87:Infinity":9,"s:85:2:87:Infinity":8,"s:85:25:85:Infinity":9,"b:86:7:87:Infinity:87:7:87:Infinity":10,"s:86:7:87:Infinity":10,"s:86:30:86:Infinity":11,"b:87:7:87:Infinity:undefined:undefined:undefined:undefined":11,"s:87:7:87:Infinity":12,"s:87:29:87:Infinity":13,"s:90:16:90:Infinity":14,"b:91:2:91:Infinity:undefined:undefined:undefined:undefined":12,"s:91:2:91:Infinity":15,"s:91:28:91:Infinity":16,"b:92:2:92:Infinity:undefined:undefined:undefined:undefined":13,"s:92:2:92:Infinity":17,"s:92:29:92:Infinity":18,"s:94:18:94:Infinity":19,"s:95:21:95:Infinity":20,"s:97:17:97:Infinity":21,"s:98:26:98:Infinity":22,"s:103:14:103:Infinity":23,"s:106:13:106:Infinity":24,"s:109:13:109:Infinity":25,"s:111:8:111:Infinity":26,"s:114:20:114:Infinity":27,"s:115:24:115:Infinity":28,"b:117:2:137:Infinity:undefined:undefined:undefined:undefined":14,"s:117:2:137:Infinity":29,"s:118:21:118:Infinity":30,"s:119:18:119:Infinity":31,"b:119:18:119:46:119:46:119:Infinity":15,"s:123:25:123:Infinity":32,"s:124:21:124:Infinity":33,"b:124:21:124:44:124:44:124:Infinity":16,"b:126:4:136:Infinity:129:11:136:Infinity":17,"s:126:4:136:Infinity":34,"s:127:7:127:Infinity":35,"s:128:7:128:Infinity":36,"b:129:11:136:Infinity:133:11:136:Infinity":18,"s:129:11:136:Infinity":37,"s:132:7:132:Infinity":38,"s:135:7:135:Infinity":39,"s:140:32:140:Infinity":40,"b:140:50:140:54:140:54:140:Infinity":19,"s:143:29:143:Infinity":41,"b:144:2:144:Infinity:undefined:undefined:undefined:undefined":20,"s:144:2:144:Infinity":42,"s:144:25:144:Infinity":43,"s:147:29:147:Infinity":44,"s:148:8:148:Infinity":45,"b:148:17:148:41:148:41:148:45":21,"b:149:2:152:Infinity:150:7:152:Infinity":22,"s:149:2:152:Infinity":46,"s:149:29:149:Infinity":47,"b:150:7:152:Infinity:151:7:152:Infinity":23,"s:150:7:152:Infinity":48,"s:150:35:150:Infinity":49,"b:151:7:152:Infinity:152:7:152:Infinity":24,"s:151:7:152:Infinity":50,"b:151:11:151:38:151:38:151:61":25,"s:151:61:151:Infinity":51,"b:152:7:152:Infinity:undefined:undefined:undefined:undefined":26,"s:152:7:152:Infinity":52,"s:152:39:152:Infinity":53,"b:155:2:155:Infinity:undefined:undefined:undefined:undefined":27,"s:155:2:155:Infinity":54,"s:155:40:155:Infinity":55,"b:158:2:161:Infinity:undefined:undefined:undefined:undefined":28,"s:158:2:161:Infinity":56,"b:159:4:160:Infinity:160:9:160:Infinity":29,"s:159:4:160:Infinity":57,"s:159:32:159:Infinity":58,"b:160:9:160:Infinity:undefined:undefined:undefined:undefined":30,"s:160:9:160:Infinity":59,"s:160:39:160:Infinity":60,"s:163:26:163:Infinity":61,"s:164:27:164:Infinity":62,"s:167:27:167:Infinity":63,"s:168:28:168:Infinity":64,"b:168:28:168:55:168:55:168:Infinity":31,"s:169:20:169:Infinity":65,"b:172:2:199:Infinity:undefined:undefined:undefined:undefined":32,"s:172:2:199:Infinity":66,"s:173:15:173:Infinity":67,"s:174:19:174:Infinity":68,"b:174:19:174:44:174:44:174:Infinity":33,"b:176:4:198:Infinity:192:11:198:Infinity":34,"s:176:4:198:Infinity":69,"b:176:8:176:24:176:24:176:45:176:45:176:85":35,"s:178:37:178:Infinity":70,"s:179:24:179:Infinity":71,"b:179:24:179:44:179:44:179:Infinity":36,"s:180:26:180:Infinity":72,"s:181:20:181:Infinity":73,"b:181:20:181:43:181:43:181:Infinity":37,"s:183:30:189:Infinity":74,"b:188:23:188:50:188:50:188:Infinity":38,"b:189:23:189:47:189:47:189:Infinity":39,"s:191:6:191:Infinity":75,"b:192:11:198:Infinity:195:11:198:Infinity":40,"s:192:11:198:Infinity":76,"b:192:15:192:31:192:31:192:51:192:51:192:93":41,"s:194:6:194:Infinity":77,"b:195:11:198:Infinity:undefined:undefined:undefined:undefined":42,"s:195:11:198:Infinity":78,"s:197:6:197:Infinity":79,"s:202:18:202:Infinity":80,"b:202:18:202:35:202:35:202:Infinity":43,"s:203:27:205:Infinity":81,"b:204:7:204:Infinity:205:7:205:Infinity":44,"s:207:2:207:Infinity":82,"f:213:16:213:34":1,"s:214:8:214:Infinity":83,"s:215:2:215:Infinity":84,"f:221:16:221:32":2,"s:222:22:222:Infinity":85,"s:223:23:223:Infinity":86,"s:224:2:224:Infinity":87,"f:231:16:231:33":3,"s:232:44:232:Infinity":88,"b:232:20:232:24":45,"b:232:37:232:44":46,"s:233:18:233:Infinity":89,"s:234:20:234:Infinity":90,"b:234:32:234:70:234:70:234:77":47,"s:237:22:237:Infinity":91,"s:238:20:243:Infinity":92,"s:245:25:245:Infinity":93,"s:246:2:246:Infinity":94,"f:253:16:253:Infinity":4,"s:259:49:259:Infinity":95,"s:260:22:260:Infinity":96,"s:261:22:261:Infinity":97,"s:263:44:263:Infinity":98,"b:263:20:263:24":48,"b:263:37:263:44":49,"s:264:18:264:Infinity":99,"s:265:20:265:Infinity":100,"b:265:32:265:70:265:70:265:77":50,"s:267:2:287:Infinity":101,"s:267:15:267:18":102,"s:268:21:268:Infinity":103,"s:271:24:271:Infinity":104,"s:274:22:279:Infinity":105,"s:281:18:281:Infinity":106,"s:282:24:282:Infinity":107,"b:284:4:284:Infinity:undefined:undefined:undefined:undefined":51,"s:284:4:284:Infinity":108,"s:284:21:284:Infinity":109,"s:286:4:286:Infinity":110,"s:289:2:289:Infinity":111,"f:295:16:295:Infinity":5,"s:300:12:300:Infinity":112,"s:301:16:301:Infinity":113,"s:302:13:302:Infinity":114,"s:304:16:304:Infinity":115,"s:305:16:305:Infinity":116,"s:307:15:310:Infinity":117,"s:312:15:315:Infinity":118,"s:317:2:320:Infinity":119,"f:326:16:326:41":6,"s:327:16:327:Infinity":120,"b:328:2:328:Infinity:undefined:undefined:undefined:undefined":52,"s:328:2:328:Infinity":121,"s:328:28:328:Infinity":122,"b:329:2:329:Infinity:undefined:undefined:undefined:undefined":53,"s:329:2:329:Infinity":123,"s:329:29:329:Infinity":124,"s:331:18:331:Infinity":125,"s:332:2:332:Infinity":126}}}
}
